"../../../../../FinalLevelDesign/FinalLevelDesign/Content/ThirdPersonBP/Blueprints/MainCharacter_BPI.uasset" 0
"../../../../../FinalLevelDesign/FinalLevelDesign/Content/Fonts/FUTRFW.uasset" 1
"../../../../../FinalLevelDesign/FinalLevelDesign/Content/Fonts/FUTRFW_Font.uasset" 2
"../../../../../FinalLevelDesign/FinalLevelDesign/Content/Widgets/Pause_W.uasset" 3
"../../../../../FinalLevelDesign/FinalLevelDesign/Content/Widgets/checkpointReached_W.uasset" 4
"../../../../../FinalLevelDesign/FinalLevelDesign/Content/Zorp/ZorpMesh_Skeleton.uasset" 5
"../../../Engine/Content/Animation/DefaultAnimCurveCompressionSettings.uasset" 6
"../../../Engine/Content/Animation/DefaultAnimBoneCompressionSettings.uasset" 7
"../../../../../FinalLevelDesign/FinalLevelDesign/Content/Zorp/Anims/Zorp_Anim_JumpInit.uasset" 8
"../../../../../FinalLevelDesign/FinalLevelDesign/Content/Zorp/Anims/Zorp_Anim_Jumping.uasset" 9
"../../../../../FinalLevelDesign/FinalLevelDesign/Content/Zorp/Anims/Zorp_Anim_JumpEnd.uasset" 10
"../../../../../FinalLevelDesign/FinalLevelDesign/Content/Zorp/Anims/ZorpRun.uasset" 11
"../../../../../FinalLevelDesign/FinalLevelDesign/Content/Zorp/Anims/Zorp_Anim_Idle.uasset" 12
"../../../../../FinalLevelDesign/FinalLevelDesign/Content/Zorp/Anims/ZorpIdleRun_BS.uasset" 13
"../../../../../FinalLevelDesign/FinalLevelDesign/Content/Sounds/SlimeSound5.uasset" 14
"../../../../../FinalLevelDesign/FinalLevelDesign/Content/Sounds/ZorpSteps_Cue.uasset" 15
"../../../../../FinalLevelDesign/FinalLevelDesign/Content/Sounds/SlimeSound2.uasset" 16
"../../../../../FinalLevelDesign/FinalLevelDesign/Content/Sounds/ZorpJumpInit_Cue.uasset" 17
"../../../../../FinalLevelDesign/FinalLevelDesign/Content/Sounds/SlimeSound3.uasset" 18
"../../../../../FinalLevelDesign/FinalLevelDesign/Content/Sounds/ZorpJumpEnd_Cue.uasset" 19
"../../../Engine/Content/EditorBlueprintResources/StandardMacros.uasset" 20
"../../../../../FinalLevelDesign/FinalLevelDesign/Content/Zorp/Anims/Zorp_ABP.uasset" 21
"../../../../../FinalLevelDesign/FinalLevelDesign/Content/Zorp/ZorpMesh_PhysicsAsset.uasset" 22
"../../../../../FinalLevelDesign/FinalLevelDesign/Content/Zorp/Materials/Zorp_Mesh_M_Outside_BaseColor_1001.uasset" 23
"../../../../../FinalLevelDesign/FinalLevelDesign/Content/Zorp/Materials/Zorp_Mesh_M_Outside_OcclusionRoughnessMetallic_1001.uasset" 24
"../../../../../FinalLevelDesign/FinalLevelDesign/Content/Zorp/Materials/M_Outside.uasset" 25
"../../../../../FinalLevelDesign/FinalLevelDesign/Content/Zorp/Materials/Zorp_Mesh_M_Inside_OcclusionRoughnessMetallic_1001.uasset" 26
"../../../../../FinalLevelDesign/FinalLevelDesign/Content/Zorp/Materials/Zorp_Mesh_M_Inside_Normal_1001.uasset" 27
"../../../../../FinalLevelDesign/FinalLevelDesign/Content/Zorp/Materials/Zorp_Mesh_M_Inside_BaseColor_1001.uasset" 28
"../../../../../FinalLevelDesign/FinalLevelDesign/Content/Zorp/Materials/M_Inside.uasset" 29
"../../../../../FinalLevelDesign/FinalLevelDesign/Content/Zorp/Materials/M_Eyes.uasset" 30
"../../../../../FinalLevelDesign/FinalLevelDesign/Content/Zorp/ZorpMesh.uasset" 31
"../../../../../FinalLevelDesign/FinalLevelDesign/Content/ThirdPersonBP/Blueprints/ThirdPersonCharacter.uasset" 32
"../../../../../FinalLevelDesign/FinalLevelDesign/Content/ThirdPersonBP/Blueprints/ThirdPersonGameMode.uasset" 33
"../../../../../FinalLevelDesign/FinalLevelDesign/Content/Widgets/Menu_title.uasset" 34
"../../../Engine/Content/EngineMaterials/T_Default_Material_Grid_N.uasset" 35
"../../../Engine/Content/EngineMaterials/T_Default_Material_Grid_M.uasset" 36
"../../../Engine/Content/Functions/Engine_MaterialFunctions01/Opacity/CameraDepthFade.uasset" 37
"../../../Engine/Content/EngineMaterials/WorldGridMaterial.uasset" 38
"../../../Engine/Content/ArtTools/RenderToTexture/Meshes/S_1_Unit_Plane.uasset" 39
"../../../Engine/Content/EngineMaterials/DefaultMaterial.uasset" 40
"../../../Engine/Content/BasicShapes/Cone.uasset" 41
"../../../Engine/Content/BasicShapes/Plane.uasset" 42
"../../../Engine/Content/EditorLandscapeResources/DataLayer.uasset" 43
"../../../Engine/Content/EditorLandscapeResources/DefaultAlphaTexture.uasset" 44
"../../../Engine/Content/EditorMaterials/MAT_Groups_Toggle.uasset" 45
"../../../Engine/Content/EditorMaterials/MAT_Groups_Visibility.uasset" 46
"../../../Engine/Content/EditorMaterials/PreviewShadowIndicator.uasset" 47
"../../../Engine/Content/EditorMaterials/PreviewShadowIndicatorMaterial.uasset" 48
"../../../Engine/Content/EditorMaterials/MatineeGroups/MAT_ColorTrack.uasset" 49
"../../../Engine/Content/EditorMaterials/MatineeGroups/MAT_Groups_Anim.uasset" 50
"../../../Engine/Content/EditorMaterials/MatineeGroups/MAT_Groups_AudioMaster.uasset" 51
"../../../Engine/Content/EditorMaterials/MatineeGroups/MAT_Groups_Director.uasset" 52
"../../../Engine/Content/EditorMaterials/MatineeGroups/MAT_Groups_Event.uasset" 53
"../../../Engine/Content/EditorMaterials/MatineeGroups/MAT_Groups_Fade.uasset" 54
"../../../Engine/Content/EditorMaterials/MatineeGroups/MAT_Groups_Float.uasset" 55
"../../../Engine/Content/EditorMaterials/MatineeGroups/MAT_Groups_Move.uasset" 56
"../../../Engine/Content/EditorMaterials/MatineeGroups/MAT_Groups_Slomo.uasset" 57
"../../../Engine/Content/EditorMaterials/MatineeGroups/MAT_Groups_Sound.uasset" 58
"../../../Engine/Content/EditorMaterials/MatineeGroups/MAT_Groups_Vector.uasset" 59
"../../../Engine/Content/EditorMaterials/ParticleSystems/PSysThumbnail_NoImage.uasset" 60
"../../../Engine/Content/EditorMaterials/ParticleSystems/PSysThumbnail_OOD.uasset" 61
"../../../Engine/Content/EditorMaterials/Camera/CineMat.uasset" 62
"../../../Engine/Content/EditorMaterials/Camera/MI_CineMat_Rig.uasset" 63
"../../../Engine/Content/EditorMeshes/Camera/SM_CraneRig_Arm.uasset" 64
"../../../Engine/Content/EditorMeshes/Camera/SM_CraneRig_Base.uasset" 65
"../../../Engine/Content/EditorMeshes/Camera/SM_CraneRig_Body.uasset" 66
"../../../Engine/Content/EditorMeshes/Camera/SM_CraneRig_Mount.uasset" 67
"../../../Engine/Content/EditorMeshes/Camera/SM_RailRig_Mount.uasset" 68
"../../../Engine/Content/EditorMeshes/Camera/SM_RailRig_Track.uasset" 69
"../../../Engine/Content/EditorResources/BSPVertex.uasset" 70
"../../../Engine/Content/EditorResources/EmptyActor.uasset" 71
"../../../Engine/Content/EditorResources/S_Actor.uasset" 72
"../../../Engine/Content/EditorResources/S_Note.uasset" 73
"../../../Engine/Content/EditorResources/S_Solver.uasset" 74
"../../../Engine/Content/EditorResources/S_Terrain.uasset" 75
"../../../Engine/Content/EditorResources/S_Trigger.uasset" 76
"../../../Engine/Content/EditorResources/AudioIcons/S_AudioComponent_AutoActivate.uasset" 77
"../../../Engine/Content/EditorResources/LightIcons/S_LightError.uasset" 78
"../../../Engine/Content/EditorResources/SequenceRecorder/Countdown.uasset" 79
"../../../Engine/Content/EditorResources/SequenceRecorder/RecordingIndicator.uasset" 80
"../../../Engine/Content/EngineDamageTypes/DmgTypeBP_Environmental.uasset" 81
"../../../Engine/Content/EngineDebugMaterials/DebugEditorMaterial.uasset" 82
"../../../Engine/Content/EngineDebugMaterials/DebugMeshMaterial.uasset" 83
"../../../Engine/Content/EngineDebugMaterials/M_SimpleUnlitTranslucent.uasset" 84
"../../../Engine/Content/EngineDebugMaterials/VolumeToRender.uasset" 85
"../../../Engine/Content/Functions/Engine_MaterialFunctions02/Utility/CameraDirectionVector.uasset" 86
"../../../Engine/Content/EngineDebugMaterials/M_VolumeRenderSphereTracePP.uasset" 87
"../../../Engine/Content/Functions/Engine_MaterialFunctions01/Shading/ConvertFromDiffSpec.uasset" 88
"../../../Engine/Content/EngineDebugMaterials/VertexColorMaterial.uasset" 89
"../../../Engine/Content/EngineDebugMaterials/WireframeMaterial.uasset" 90
"../../../Engine/Content/EngineFonts/Faces/RobotoRegular.uasset" 91
"../../../Engine/Content/EngineFonts/Faces/RobotoLight.uasset" 92
"../../../Engine/Content/EngineFonts/Faces/RobotoItalic.uasset" 93
"../../../Engine/Content/EngineFonts/Faces/RobotoBoldItalic.uasset" 94
"../../../Engine/Content/EngineFonts/Faces/RobotoBold.uasset" 95
"../../../Engine/Content/EngineFonts/Faces/DroidSansFallback.uasset" 96
"../../../Engine/Content/EngineFonts/Roboto.uasset" 97
"../../../Engine/Content/EngineMaterials/BaseFlattenNormalMap.uasset" 98
"../../../Engine/Content/EngineMaterials/BaseFlattenGrayscaleMap.uasset" 99
"../../../Engine/Content/EngineMaterials/BaseFlattenEmissiveMap.uasset" 100
"../../../Engine/Content/EngineMaterials/BaseFlattenDiffuseMap.uasset" 101
"../../../Engine/Content/EngineMaterials/BaseFlattenMaterial.uasset" 102
"../../../Engine/Content/EngineMaterials/BlueNoise.uasset" 103
"../../../Engine/Content/EngineMaterials/DefaultBloomKernel.uasset" 104
"../../../Engine/Content/EngineMaterials/DefaultBokeh.uasset" 105
"../../../Engine/Content/EngineMaterials/DefaultDiffuse.uasset" 106
"../../../Engine/Content/EngineMaterials/DefaultDeferredDecalMaterial.uasset" 107
"../../../Engine/Content/EngineMaterials/DefaultLightFunctionMaterial.uasset" 108
"../../../Engine/Content/EngineMaterials/DefaultPhysicalMaterial.uasset" 109
"../../../Engine/Content/Functions/Engine_MaterialFunctions02/Utility/BreakOutFloat2Components.uasset" 110
"../../../Engine/Content/EngineMaterials/DefaultPostProcessMaterial.uasset" 111
"../../../Engine/Content/EngineFonts/RobotoDistanceField.uasset" 112
"../../../Engine/Content/EngineMaterials/DefaultTextMaterialOpaque.uasset" 113
"../../../Engine/Content/EngineMaterials/DefaultWhiteGrid.uasset" 114
"../../../Engine/Content/EngineMaterials/DefaultWhiteGrid_Low.uasset" 115
"../../../Engine/Content/EngineMaterials/EmissiveMeshMaterial.uasset" 116
"../../../Engine/Content/EngineMaterials/GizmoMaterial.uasset" 117
"../../../Engine/Content/EngineMaterials/Good64x64TilingNoiseHighFreq.uasset" 118
"../../../Engine/Content/EngineMaterials/MiniFont.uasset" 119
"../../../Engine/Content/EngineMaterials/InvalidLightmapSettings.uasset" 120
"../../../Engine/Content/EngineMaterials/M_InvalidLightmapSettings.uasset" 121
"../../../Engine/Content/Functions/Engine_MaterialFunctions02/WorldPositionOffset/CameraOffset.uasset" 122
"../../../Engine/Content/EngineMaterials/PhAT_JointLimitMaterial.uasset" 123
"../../../Engine/Content/EngineMaterials/PreintegratedSkinBRDF.uasset" 124
"../../../Engine/Content/EngineMaterials/RemoveSurfaceMaterial.uasset" 125
"../../../Engine/Content/EngineMaterials/WeightMapPlaceholderTexture.uasset" 126
"../../../Engine/Content/EngineResources/WhiteSquareTexture.uasset" 127
"../../../Engine/Content/EngineMaterials/Widget3DPassThrough.uasset" 128
"../../../Engine/Content/EngineMaterials/Widget3DPassThrough_Masked.uasset" 129
"../../../Engine/Content/EngineMaterials/Widget3DPassThrough_Opaque.uasset" 130
"../../../Engine/Content/EngineMaterials/Widget3DPassThrough_Masked_OneSided.uasset" 131
"../../../Engine/Content/EngineMaterials/Widget3DPassThrough_Opaque_OneSided.uasset" 132
"../../../Engine/Content/EngineMaterials/Widget3DPassThrough_Translucent.uasset" 133
"../../../Engine/Content/EngineMaterials/Widget3DPassThrough_Translucent_OneSided.uasset" 134
"../../../Engine/Content/EngineMeshes/Cube.uasset" 135
"../../../Engine/Content/EngineMeshes/Cylinder.uasset" 136
"../../../Engine/Content/EngineMeshes/Sphere.uasset" 137
"../../../Engine/Content/EngineResources/Black.uasset" 138
"../../../Engine/Content/EngineResources/DefaultTextureCube.uasset" 139
"../../../Engine/Content/EngineResources/DefaultVolumeTexture2D.uasset" 140
"../../../Engine/Content/EngineResources/DefaultVolumeTexture.uasset" 141
"../../../Engine/Content/EngineResources/GradientTexture0.uasset" 142
"../../../Engine/Content/EngineSky/VolumetricClouds/T_NoiseShape64.uasset" 143
"../../../Engine/Content/EngineSky/VolumetricClouds/T_VolumeNoiseShape64.uasset" 144
"../../../Engine/Content/EngineSky/VolumetricClouds/T_NoiseErosion.uasset" 145
"../../../Engine/Content/EngineSky/VolumetricClouds/T_VolumeNoiseErosion32.uasset" 146
"../../../Engine/Content/EngineSky/VolumetricClouds/CloudWeatherTexture.uasset" 147
"../../../Engine/Content/EngineSky/VolumetricClouds/CloudGradientTexture.uasset" 148
"../../../Engine/Content/Functions/Engine_MaterialFunctions02/Utility/MakeFloat2.uasset" 149
"../../../Engine/Content/EngineSky/VolumetricClouds/m_SimpleVolumetricCloud.uasset" 150
"../../../Engine/Content/EngineSky/VolumetricClouds/m_SimpleVolumetricCloud_Inst.uasset" 151
"../../../Engine/Content/EngineSounds/Master.uasset" 152
"../../../Engine/Content/Functions/Engine_MaterialFunctions01/Shading/PowerToRoughness.uasset" 153
"../../../Engine/Content/Maps/Templates/Thumbnails/Default.uasset" 154
"../../../Engine/Content/Maps/Templates/Thumbnails/TimeOfDay.uasset" 155
"../../../Engine/Content/Maps/Templates/Thumbnails/VR-Basic.uasset" 156
"../../../Engine/Content/MobileResources/T_MobileControls_texture.uasset" 157
"../../../Engine/Content/MobileResources/T_MobileMenu2.uasset" 158
"../../../Engine/Content/MobileResources/HUD/AnalogHat.uasset" 159
"../../../Engine/Content/MobileResources/HUD/VirtualJoystick_Thumb.uasset" 160
"../../../Engine/Content/MobileResources/HUD/VirtualJoystick_Background.uasset" 161
"../../../Engine/Content/MobileResources/HUD/DefaultVirtualJoysticks.uasset" 162
"../../../Engine/Content/MobileResources/HUD/LeftVirtualJoystickOnly.uasset" 163
"../../../Engine/Content/MobileResources/HUD/MobileHUDButton1_off.uasset" 164
"../../../Engine/Content/MobileResources/HUD/MobileHUDButton1_on.uasset" 165
"../../../Engine/Content/MobileResources/HUD/MobileHUDButton2_off.uasset" 166
"../../../Engine/Content/MobileResources/HUD/MobileHUDButton2_on.uasset" 167
"../../../Engine/Content/MobileResources/HUD/MobileHUDButton3.uasset" 168
"../../../Engine/Content/MobileResources/HUD/MobileHUDButtonFire.uasset" 169
"../../../Engine/Content/MobileResources/HUD/MobileHUDDirectionPad.uasset" 170
"../../../Engine/Content/MobileResources/HUD/MobileHUDDirectionPad2.uasset" 171
"../../../Engine/Content/MobileResources/HUD/MobileHUDDirectionPad3.uasset" 172
"../../../Engine/Content/MobileResources/HUD/MobileHUDDirectionStick.uasset" 173
"../../../Engine/Content/MobileResources/HUD/T_Castle_ThumbstickInner.uasset" 174
"../../../Engine/Content/MobileResources/HUD/T_Castle_ThumbstickOutter.uasset" 175
"../../../Engine/Content/Tutorial/ContentIntroCurve.uasset" 176
"../../../Engine/Content/Tutorial/Basics/LevelEditorAttract.uasset" 177
"../../../Engine/Content/Tutorial/Basics/TutorialAssets/icon_tab_Levels_40x.uasset" 178
"../../../Engine/Content/Tutorial/Basics/LevelEditorOverview.uasset" 179
"../../../Engine/Content/Tutorial/BlueprintTutorials/TutorialAssets/Blueprint_64x.uasset" 180
"../../../Engine/Content/Tutorial/BlueprintTutorials/BlueprintEditorTutorial.uasset" 181
"../../../Engine/Content/Tutorial/BlueprintTutorials/TutorialAssets/BlueprintInterface_64x.uasset" 182
"../../../Engine/Content/Tutorial/BlueprintTutorials/BlueprintInterfacesEditorOverview.uasset" 183
"../../../Engine/Content/Tutorial/BlueprintTutorials/LevelBlueprintEditorOverview.uasset" 184
"../../../Engine/Content/Tutorial/BlueprintTutorials/TutorialAssets/Tutorial_BP_Interface.uasset" 185
"../../../Engine/Content/Tutorial/Landscape/TutorialAssets/Landscape.uasset" 186
"../../../Engine/Content/Tutorial/Landscape/LandscapeWalkThrough.uasset" 187
"../../../Engine/Content/Tutorial/Landscape/Landscape_Manage_Mode.uasset" 188
"../../../Engine/Content/Tutorial/Landscape/Landscape_Painting_Mode.uasset" 189
"../../../Engine/Content/Tutorial/Landscape/Landscape_Sculpt_Mode.uasset" 190
"../../../Engine/Content/Tutorial/SubEditors/MaterialEditorTutorial.uasset" 191
"../../../Engine/Content/Tutorial/SubEditors/ParticleSystemEditorTutorial.uasset" 192
"../../../Engine/Content/Tutorial/SubEditors/StaticMeshEditorTutorial.uasset" 193
"../../../Engine/Content/Tutorial/SubEditors/TutorialAssets/TutorialMaterial.uasset" 194
"../../../Engine/Content/Tutorial/SubEditors/TutorialAssets/T_soft_smoke.uasset" 195
"../../../Engine/Content/Tutorial/SubEditors/TutorialAssets/T_SmokeSubUV_8X8.uasset" 196
"../../../Engine/Content/Tutorial/SubEditors/TutorialAssets/M_smoke_subUV_blackbody.uasset" 197
"../../../Engine/Content/Tutorial/SubEditors/TutorialAssets/TutorialParticleSystem.uasset" 198
"../../../Engine/Content/VREditor/TransformGizmo/TranslucentTransformGizmoMaterial.uasset" 199
"../../../Engine/Content/VREditor/LaserPointer/VR_LaserPower_01.uasset" 200
"../../../Engine/Content/VREditor/TransformGizmo/TransformGizmoMaterial.uasset" 201
"../../../Engine/Content/VREditor/TransformGizmo/BoundingBoxCorner.uasset" 202
"../../../Engine/Content/VREditor/TransformGizmo/BoundingBoxEdge.uasset" 203
"../../../Engine/Content/VREditor/TransformGizmo/PlaneTranslationHandle.uasset" 204
"../../../Engine/Content/VREditor/TransformGizmo/Xray.uasset" 205
"../../../Engine/Content/VREditor/TransformGizmo/Main.uasset" 206
"../../../Engine/Content/VREditor/TransformGizmo/SM_Sequencer_Key.uasset" 207
"../../../Engine/Content/VREditor/TransformGizmo/SM_Sequencer_Node.uasset" 208
"../../Plugins/2D/Paper2D/Content/PlaceholderTextures/DummySpriteTexture.uasset" 209
"../../Plugins/2D/Paper2D/Content/DummySprite.uasset" 210
"../../Plugins/2D/Paper2D/Content/DefaultPaperTerrainMaterial.uasset" 211
"../../Plugins/2D/Paper2D/Content/DefaultSpriteMaterial.uasset" 212
"../../Plugins/2D/Paper2D/Content/MaskedUnlitSpriteMaterial.uasset" 213
"../../Plugins/2D/Paper2D/Content/OpaqueUnlitSpriteMaterial.uasset" 214
"../../../Engine/Content/Functions/Engine_MaterialFunctions02/ObjectLocalBounds.uasset" 215
"../../../Engine/Content/Functions/Engine_MaterialFunctions02/Utility/BreakOutFloat3Components.uasset" 216
"../../Plugins/Editor/SpeedTreeImporter/Content/SpeedTree9/UnpackInteger3.uasset" 217
"../../Plugins/Editor/SpeedTreeImporter/Content/SpeedTree9/UnpackDirection.uasset" 218
"../../Plugins/Editor/SpeedTreeImporter/Content/SpeedTree9/game_wind_noise.uasset" 219
"../../../Engine/Content/Functions/Engine_MaterialFunctions02/SafeNormalize.uasset" 220
"../../Plugins/Editor/SpeedTreeImporter/Content/SpeedTree9/SpeedTreeWindMotion.uasset" 221
"../../Plugins/Editor/SpeedTreeImporter/Content/SpeedTree9/SpeedTreeBranchMotion.uasset" 222
"../../../Engine/Content/Functions/Engine_MaterialFunctions02/UVs/BoundingBoxBased_0-1_UVW.uasset" 223
"../../Plugins/Editor/SpeedTreeImporter/Content/SpeedTree9/SpeedTreeWind.uasset" 224
"../../Plugins/Editor/SpeedTreeImporter/Content/SpeedTree9/SpeedTreeBillboard.uasset" 225
"../../../Engine/Content/EngineResources/DefaultTexture.uasset" 226
"../../Plugins/Editor/SpeedTreeImporter/Content/SpeedTree9/SpeedTreeBillboardMaster.uasset" 227
"../../Plugins/Editor/SpeedTreeImporter/Content/SpeedTree9/SpeedTreeCameraFacing.uasset" 228
"../../Plugins/Editor/SpeedTreeImporter/Content/SpeedTree9/SpeedTreeMaster.uasset" 229
"../../../Engine/Content/BasicShapes/Cylinder.uasset" 230
"../../../Engine/Content/ArtTools/RenderToTexture/Materials/Debug/M_Emissive_Color.uasset" 231
"../../Plugins/Lumin/MagicLeapPassableWorld/Content/MagicLeapARPinInfoActor.uasset" 232
"../../../Engine/Content/Functions/Engine_MaterialFunctions02/Utility/BreakOutFloat4Components.uasset" 233
"../../../Engine/Content/Functions/Engine_MaterialFunctions02/Utility/MakeFloat3.uasset" 234
"../../Plugins/Runtime/Oculus/OculusVR/Content/Materials/OculusMR_ChromaKey.uasset" 235
"../../Plugins/Runtime/Oculus/OculusVR/Content/Materials/OculusMR_OpaqueColoredMaterial.uasset" 236
"../../Plugins/Runtime/Oculus/OculusVR/Content/Materials/PokeAHoleMaterial.uasset" 237
"../../../../../FinalLevelDesign/FinalLevelDesign/Content/Sounds/Music/Menu_Music.uasset" 238
"../../../../../FinalLevelDesign/FinalLevelDesign/Content/AlchemistsHouse/Assets/Particles/Textures/Fire_spot.uasset" 239
"../../../../../FinalLevelDesign/FinalLevelDesign/Content/AlchemistsHouse/Assets/Particles/Textures/Fire_ripple_normal.uasset" 240
"../../../../../FinalLevelDesign/FinalLevelDesign/Content/AlchemistsHouse/Assets/Particles/Textures/Fire_ripple.uasset" 241
"../../../../../FinalLevelDesign/FinalLevelDesign/Content/AlchemistsHouse/Assets/Particles/Fire_mat.uasset" 242
"../../../../../FinalLevelDesign/FinalLevelDesign/Content/AlchemistsHouse/Assets/Particles/Fire.uasset" 243
"../../../../../FinalLevelDesign/FinalLevelDesign/Content/AlchemistsHouse/Assets/Particles/Textures/Dot_particle.uasset" 244
"../../../../../FinalLevelDesign/FinalLevelDesign/Content/AlchemistsHouse/Assets/Particles/Dust_mat.uasset" 245
"../../../../../FinalLevelDesign/FinalLevelDesign/Content/AlchemistsHouse/Assets/Particles/Dust.uasset" 246
"../../../../../FinalLevelDesign/FinalLevelDesign/Content/AlchemistsHouse/Assets/Textures/Window_3_glass_texture.uasset" 247
"../../../../../FinalLevelDesign/FinalLevelDesign/Content/AlchemistsHouse/Assets/Materials/Window_3_glass.uasset" 248
"../../../../../FinalLevelDesign/FinalLevelDesign/Content/AlchemistsHouse/Assets/Materials/Window_3_glass_texture_Mat.uasset" 249
"../../../../../FinalLevelDesign/FinalLevelDesign/Content/AlchemistsHouse/Assets/Models/Window_3_glass.uasset" 250
"../../../../../FinalLevelDesign/FinalLevelDesign/Content/AlchemistsHouse/Assets/Textures/Windows_texture.uasset" 251
"../../../../../FinalLevelDesign/FinalLevelDesign/Content/AlchemistsHouse/Assets/Textures/Windows_normal.uasset" 252
"../../../../../FinalLevelDesign/FinalLevelDesign/Content/AlchemistsHouse/Assets/Materials/Windows.uasset" 253
"../../../../../FinalLevelDesign/FinalLevelDesign/Content/AlchemistsHouse/Assets/Materials/Windows_texture_Mat.uasset" 254
"../../../../../FinalLevelDesign/FinalLevelDesign/Content/AlchemistsHouse/Assets/Models/Window_3_1.uasset" 255
"../../../../../FinalLevelDesign/FinalLevelDesign/Content/AlchemistsHouse/Assets/Textures/Window_2_glass_texture.uasset" 256
"../../../../../FinalLevelDesign/FinalLevelDesign/Content/AlchemistsHouse/Assets/Materials/Window_2_glass.uasset" 257
"../../../../../FinalLevelDesign/FinalLevelDesign/Content/AlchemistsHouse/Assets/Materials/Window_2_glass_texture_Mat.uasset" 258
"../../../../../FinalLevelDesign/FinalLevelDesign/Content/AlchemistsHouse/Assets/Models/Window_2_glass.uasset" 259
"../../../../../FinalLevelDesign/FinalLevelDesign/Content/AlchemistsHouse/Assets/Models/Window_2_1.uasset" 260
"../../../../../FinalLevelDesign/FinalLevelDesign/Content/AlchemistsHouse/Assets/Textures/Window_1_glass_texture.uasset" 261
"../../../../../FinalLevelDesign/FinalLevelDesign/Content/AlchemistsHouse/Assets/Materials/Window_1_glass.uasset" 262
"../../../../../FinalLevelDesign/FinalLevelDesign/Content/AlchemistsHouse/Assets/Materials/Window_1_glass_texture_Mat.uasset" 263
"../../../../../FinalLevelDesign/FinalLevelDesign/Content/AlchemistsHouse/Assets/Models/Window_1_glass.uasset" 264
"../../../../../FinalLevelDesign/FinalLevelDesign/Content/AlchemistsHouse/Assets/Models/Window_1_1.uasset" 265
"../../../../../FinalLevelDesign/FinalLevelDesign/Content/AlchemistsHouse/Assets/Textures/Lab_stuff_2_normal.uasset" 266
"../../../../../FinalLevelDesign/FinalLevelDesign/Content/AlchemistsHouse/Assets/Textures/Lab_stuff_2_texture.uasset" 267
"../../../../../FinalLevelDesign/FinalLevelDesign/Content/AlchemistsHouse/Assets/Materials/Lab_stuff_2.uasset" 268
"../../../../../FinalLevelDesign/FinalLevelDesign/Content/AlchemistsHouse/Assets/Materials/Lab_stuff_2_texture_Mat.uasset" 269
"../../../../../FinalLevelDesign/FinalLevelDesign/Content/AlchemistsHouse/Assets/Models/Weigher.uasset" 270
"../../../../../FinalLevelDesign/FinalLevelDesign/Content/AlchemistsHouse/Assets/Textures/Wall_1_1_texture.uasset" 271
"../../../../../FinalLevelDesign/FinalLevelDesign/Content/AlchemistsHouse/Assets/Textures/Wall_1_1_normal.uasset" 272
"../../../../../FinalLevelDesign/FinalLevelDesign/Content/AlchemistsHouse/Assets/Materials/Wall_1_1.uasset" 273
"../../../../../FinalLevelDesign/FinalLevelDesign/Content/AlchemistsHouse/Assets/Models/Wall_small_corner.uasset" 274
"../../../../../FinalLevelDesign/FinalLevelDesign/Content/AlchemistsHouse/Assets/Materials/Wall_1_1_texture_Mat.uasset" 275
"../../../../../FinalLevelDesign/FinalLevelDesign/Content/AlchemistsHouse/Assets/Models/Wall_small.uasset" 276
"../../../../../FinalLevelDesign/FinalLevelDesign/Content/AlchemistsHouse/Assets/Textures/Wall_round_3_texture.uasset" 277
"../../../../../FinalLevelDesign/FinalLevelDesign/Content/AlchemistsHouse/Assets/Textures/Wall_round_3_normal.uasset" 278
"../../../../../FinalLevelDesign/FinalLevelDesign/Content/AlchemistsHouse/Assets/Materials/Wall_round_4.uasset" 279
"../../../../../FinalLevelDesign/FinalLevelDesign/Content/AlchemistsHouse/Assets/Models/Wall_round_4_1.uasset" 280
"../../../../../FinalLevelDesign/FinalLevelDesign/Content/AlchemistsHouse/Assets/Textures/Wall_round_2_texture.uasset" 281
"../../../../../FinalLevelDesign/FinalLevelDesign/Content/AlchemistsHouse/Assets/Textures/Wall_round_2_normal.uasset" 282
"../../../../../FinalLevelDesign/FinalLevelDesign/Content/AlchemistsHouse/Assets/Materials/Wall_round_3.uasset" 283
"../../../../../FinalLevelDesign/FinalLevelDesign/Content/AlchemistsHouse/Assets/Models/Wall_round_3_2.uasset" 284
"../../../../../FinalLevelDesign/FinalLevelDesign/Content/AlchemistsHouse/Assets/Models/Wall_round_3_1.uasset" 285
"../../../../../FinalLevelDesign/FinalLevelDesign/Content/AlchemistsHouse/Assets/Textures/Wall_round_4_texture.uasset" 286
"../../../../../FinalLevelDesign/FinalLevelDesign/Content/AlchemistsHouse/Assets/Textures/Wall_round_4_normal.uasset" 287
"../../../../../FinalLevelDesign/FinalLevelDesign/Content/AlchemistsHouse/Assets/Materials/Wall_round_2.uasset" 288
"../../../../../FinalLevelDesign/FinalLevelDesign/Content/AlchemistsHouse/Assets/Models/Wall_round_2_2.uasset" 289
"../../../../../FinalLevelDesign/FinalLevelDesign/Content/AlchemistsHouse/Assets/Textures/Wall_round_1_normal.uasset" 290
"../../../../../FinalLevelDesign/FinalLevelDesign/Content/AlchemistsHouse/Assets/Textures/Wall_round_0_texture.uasset" 291
"../../../../../FinalLevelDesign/FinalLevelDesign/Content/AlchemistsHouse/Assets/Materials/Wall_round_0.uasset" 292
"../../../../../FinalLevelDesign/FinalLevelDesign/Content/AlchemistsHouse/Assets/Models/Wall_round_1_back.uasset" 293
"../../../../../FinalLevelDesign/FinalLevelDesign/Content/AlchemistsHouse/Assets/Models/Wall_round_1_3.uasset" 294
"../../../../../FinalLevelDesign/FinalLevelDesign/Content/AlchemistsHouse/Assets/Models/Wall_round_1_1.uasset" 295
"../../../../../FinalLevelDesign/FinalLevelDesign/Content/AlchemistsHouse/Assets/Textures/Wall_1_0_texture.uasset" 296
"../../../../../FinalLevelDesign/FinalLevelDesign/Content/AlchemistsHouse/Assets/Textures/Wall_1_0_normal.uasset" 297
"../../../../../FinalLevelDesign/FinalLevelDesign/Content/AlchemistsHouse/Assets/Materials/Wall_1_0.uasset" 298
"../../../../../FinalLevelDesign/FinalLevelDesign/Content/AlchemistsHouse/Assets/Models/Wall_Corner_6.uasset" 299
"../../../../../FinalLevelDesign/FinalLevelDesign/Content/AlchemistsHouse/Assets/Materials/Wall_1_0_texture_Mat.uasset" 300
"../../../../../FinalLevelDesign/FinalLevelDesign/Content/AlchemistsHouse/Assets/Models/Wall_Corner_4.uasset" 301
"../../../../../FinalLevelDesign/FinalLevelDesign/Content/AlchemistsHouse/Assets/Models/Wall_Corner_3.uasset" 302
"../../../../../FinalLevelDesign/FinalLevelDesign/Content/AlchemistsHouse/Assets/Models/Wall_Corner_2.uasset" 303
"../../../../../FinalLevelDesign/FinalLevelDesign/Content/AlchemistsHouse/Assets/Models/Wall_Corner_1.uasset" 304
"../../../../../FinalLevelDesign/FinalLevelDesign/Content/AlchemistsHouse/Assets/Models/Wall_back.uasset" 305
"../../../../../FinalLevelDesign/FinalLevelDesign/Content/AlchemistsHouse/Assets/Models/Wall_6_1.uasset" 306
"../../../../../FinalLevelDesign/FinalLevelDesign/Content/AlchemistsHouse/Assets/Textures/Wall_5_normal.uasset" 307
"../../../../../FinalLevelDesign/FinalLevelDesign/Content/AlchemistsHouse/Assets/Textures/Wall_1_5_texture.uasset" 308
"../../../../../FinalLevelDesign/FinalLevelDesign/Content/AlchemistsHouse/Assets/Materials/Wall_1_5.uasset" 309
"../../../../../FinalLevelDesign/FinalLevelDesign/Content/AlchemistsHouse/Assets/Models/Wall_5_1.uasset" 310
"../../../../../FinalLevelDesign/FinalLevelDesign/Content/AlchemistsHouse/Assets/Textures/Wall_4_normal.uasset" 311
"../../../../../FinalLevelDesign/FinalLevelDesign/Content/AlchemistsHouse/Assets/Textures/Wall_1_4_texture.uasset" 312
"../../../../../FinalLevelDesign/FinalLevelDesign/Content/AlchemistsHouse/Assets/Materials/Wall_1_4.uasset" 313
"../../../../../FinalLevelDesign/FinalLevelDesign/Content/AlchemistsHouse/Assets/Materials/Wall_1_4_texture_Mat.uasset" 314
"../../../../../FinalLevelDesign/FinalLevelDesign/Content/AlchemistsHouse/Assets/Models/Wall_4_1.uasset" 315
"../../../../../FinalLevelDesign/FinalLevelDesign/Content/AlchemistsHouse/Assets/Textures/Wall_3_normal.uasset" 316
"../../../../../FinalLevelDesign/FinalLevelDesign/Content/AlchemistsHouse/Assets/Textures/Wall_1_3_texture.uasset" 317
"../../../../../FinalLevelDesign/FinalLevelDesign/Content/AlchemistsHouse/Assets/Materials/Wall_1_3.uasset" 318
"../../../../../FinalLevelDesign/FinalLevelDesign/Content/AlchemistsHouse/Assets/Materials/Wall_1_3_texture_Mat.uasset" 319
"../../../../../FinalLevelDesign/FinalLevelDesign/Content/AlchemistsHouse/Assets/Models/Wall_3_1.uasset" 320
"../../../../../FinalLevelDesign/FinalLevelDesign/Content/AlchemistsHouse/Assets/Textures/Wall_2_normal.uasset" 321
"../../../../../FinalLevelDesign/FinalLevelDesign/Content/AlchemistsHouse/Assets/Textures/Wall_1_2_texture.uasset" 322
"../../../../../FinalLevelDesign/FinalLevelDesign/Content/AlchemistsHouse/Assets/Materials/Wall_1_2.uasset" 323
"../../../../../FinalLevelDesign/FinalLevelDesign/Content/AlchemistsHouse/Assets/Materials/Wall_1_2_texture_Mat.uasset" 324
"../../../../../FinalLevelDesign/FinalLevelDesign/Content/AlchemistsHouse/Assets/Models/Wall_2_1.uasset" 325
"../../../../../FinalLevelDesign/FinalLevelDesign/Content/AlchemistsHouse/Assets/Models/Wall_1_2.uasset" 326
"../../../../../FinalLevelDesign/FinalLevelDesign/Content/AlchemistsHouse/Assets/Models/Wall_1_1.uasset" 327
"../../../../../FinalLevelDesign/FinalLevelDesign/Content/AlchemistsHouse/Assets/Models/Wall_1_0.uasset" 328
"../../../../../FinalLevelDesign/FinalLevelDesign/Content/AlchemistsHouse/Assets/Textures/Vases_texrure.uasset" 329
"../../../../../FinalLevelDesign/FinalLevelDesign/Content/AlchemistsHouse/Assets/Textures/Vases_normal.uasset" 330
"../../../../../FinalLevelDesign/FinalLevelDesign/Content/AlchemistsHouse/Assets/Materials/Vases.uasset" 331
"../../../../../FinalLevelDesign/FinalLevelDesign/Content/AlchemistsHouse/Assets/Materials/Vases_texrure_Mat.uasset" 332
"../../../../../FinalLevelDesign/FinalLevelDesign/Content/AlchemistsHouse/Assets/Models/Vase_4.uasset" 333
"../../../../../FinalLevelDesign/FinalLevelDesign/Content/AlchemistsHouse/Assets/Models/Vase_3.uasset" 334
"../../../../../FinalLevelDesign/FinalLevelDesign/Content/AlchemistsHouse/Assets/Models/Vase_2.uasset" 335
"../../../../../FinalLevelDesign/FinalLevelDesign/Content/AlchemistsHouse/Assets/Models/Vase_1.uasset" 336
"../../../../../FinalLevelDesign/FinalLevelDesign/Content/AlchemistsHouse/Assets/Textures/Tablecloth_texture.uasset" 337
"../../../../../FinalLevelDesign/FinalLevelDesign/Content/AlchemistsHouse/Assets/Materials/Tablecloth.uasset" 338
"../../../../../FinalLevelDesign/FinalLevelDesign/Content/AlchemistsHouse/Assets/Models/Tablecloth.uasset" 339
"../../../../../FinalLevelDesign/FinalLevelDesign/Content/AlchemistsHouse/Assets/Textures/Table_round_texture.uasset" 340
"../../../../../FinalLevelDesign/FinalLevelDesign/Content/AlchemistsHouse/Assets/Textures/Table_round_normal.uasset" 341
"../../../../../FinalLevelDesign/FinalLevelDesign/Content/AlchemistsHouse/Assets/Materials/Table_round.uasset" 342
"../../../../../FinalLevelDesign/FinalLevelDesign/Content/AlchemistsHouse/Assets/Models/Table_round.uasset" 343
"../../../../../FinalLevelDesign/FinalLevelDesign/Content/AlchemistsHouse/Assets/Textures/Table_texture.uasset" 344
"../../../../../FinalLevelDesign/FinalLevelDesign/Content/AlchemistsHouse/Assets/Textures/Table_normal.uasset" 345
"../../../../../FinalLevelDesign/FinalLevelDesign/Content/AlchemistsHouse/Assets/Materials/Table.uasset" 346
"../../../../../FinalLevelDesign/FinalLevelDesign/Content/AlchemistsHouse/Assets/Models/Table.uasset" 347
"../../../../../FinalLevelDesign/FinalLevelDesign/Content/AlchemistsHouse/Assets/Textures/Stand_texture.uasset" 348
"../../../../../FinalLevelDesign/FinalLevelDesign/Content/AlchemistsHouse/Assets/Textures/Stand_normal.uasset" 349
"../../../../../FinalLevelDesign/FinalLevelDesign/Content/AlchemistsHouse/Assets/Materials/Stand.uasset" 350
"../../../../../FinalLevelDesign/FinalLevelDesign/Content/AlchemistsHouse/Assets/Materials/Stand_texture_Mat.uasset" 351
"../../../../../FinalLevelDesign/FinalLevelDesign/Content/AlchemistsHouse/Assets/Models/Stand.uasset" 352
"../../../../../FinalLevelDesign/FinalLevelDesign/Content/AlchemistsHouse/Assets/Textures/Stairs_round_texture.uasset" 353
"../../../../../FinalLevelDesign/FinalLevelDesign/Content/AlchemistsHouse/Assets/Textures/Stairs_round_normal.uasset" 354
"../../../../../FinalLevelDesign/FinalLevelDesign/Content/AlchemistsHouse/Assets/Materials/Stairs_round.uasset" 355
"../../../../../FinalLevelDesign/FinalLevelDesign/Content/AlchemistsHouse/Assets/Models/Stairs_round.uasset" 356
"../../../../../FinalLevelDesign/FinalLevelDesign/Content/AlchemistsHouse/Assets/Textures/Stairs_texture.uasset" 357
"../../../../../FinalLevelDesign/FinalLevelDesign/Content/AlchemistsHouse/Assets/Textures/Stairs_normal.uasset" 358
"../../../../../FinalLevelDesign/FinalLevelDesign/Content/AlchemistsHouse/Assets/Materials/Stairs.uasset" 359
"../../../../../FinalLevelDesign/FinalLevelDesign/Content/AlchemistsHouse/Assets/Models/Stairs.uasset" 360
"../../../../../FinalLevelDesign/FinalLevelDesign/Content/AlchemistsHouse/Assets/Textures/Shelf_texture.uasset" 361
"../../../../../FinalLevelDesign/FinalLevelDesign/Content/AlchemistsHouse/Assets/Textures/Shelf_normal.uasset" 362
"../../../../../FinalLevelDesign/FinalLevelDesign/Content/AlchemistsHouse/Assets/Materials/Shelf.uasset" 363
"../../../../../FinalLevelDesign/FinalLevelDesign/Content/AlchemistsHouse/Assets/Materials/Shelf_texture_Mat.uasset" 364
"../../../../../FinalLevelDesign/FinalLevelDesign/Content/AlchemistsHouse/Assets/Models/Shelf.uasset" 365
"../../../../../FinalLevelDesign/FinalLevelDesign/Content/AlchemistsHouse/Assets/Textures/Scrolls_texture.uasset" 366
"../../../../../FinalLevelDesign/FinalLevelDesign/Content/AlchemistsHouse/Assets/Textures/Scrolls_normal.uasset" 367
"../../../../../FinalLevelDesign/FinalLevelDesign/Content/AlchemistsHouse/Assets/Textures/Scrolls_alpha.uasset" 368
"../../../../../FinalLevelDesign/FinalLevelDesign/Content/AlchemistsHouse/Assets/Materials/Scrolls.uasset" 369
"../../../../../FinalLevelDesign/FinalLevelDesign/Content/AlchemistsHouse/Assets/Materials/Scrolls_texture_Mat.uasset" 370
"../../../../../FinalLevelDesign/FinalLevelDesign/Content/AlchemistsHouse/Assets/Models/Scroll_3.uasset" 371
"../../../../../FinalLevelDesign/FinalLevelDesign/Content/AlchemistsHouse/Assets/Models/Scroll_2.uasset" 372
"../../../../../FinalLevelDesign/FinalLevelDesign/Content/AlchemistsHouse/Assets/Models/Scroll_1.uasset" 373
"../../../../../FinalLevelDesign/FinalLevelDesign/Content/AlchemistsHouse/Assets/Models/Railing_corner.uasset" 374
"../../../../../FinalLevelDesign/FinalLevelDesign/Content/AlchemistsHouse/Assets/Models/Railing_2.uasset" 375
"../../../../../FinalLevelDesign/FinalLevelDesign/Content/AlchemistsHouse/Assets/Models/Railing.uasset" 376
"../../../../../FinalLevelDesign/FinalLevelDesign/Content/AlchemistsHouse/Assets/Models/Rack.uasset" 377
"../../../../../FinalLevelDesign/FinalLevelDesign/Content/AlchemistsHouse/Assets/Textures/Pumpkin_Texture.uasset" 378
"../../../../../FinalLevelDesign/FinalLevelDesign/Content/AlchemistsHouse/Assets/Textures/Pumpkin_normal.uasset" 379
"../../../../../FinalLevelDesign/FinalLevelDesign/Content/AlchemistsHouse/Assets/Textures/Pumpkin_Texture_Mat.uasset" 380
"../../../../../FinalLevelDesign/FinalLevelDesign/Content/AlchemistsHouse/Assets/Models/Pumpkin.uasset" 381
"../../../../../FinalLevelDesign/FinalLevelDesign/Content/AlchemistsHouse/Assets/Textures/Potions_texture.uasset" 382
"../../../../../FinalLevelDesign/FinalLevelDesign/Content/AlchemistsHouse/Assets/Materials/Potions.uasset" 383
"../../../../../FinalLevelDesign/FinalLevelDesign/Content/AlchemistsHouse/Assets/Materials/Potions_texture_Mat.uasset" 384
"../../../../../FinalLevelDesign/FinalLevelDesign/Content/AlchemistsHouse/Assets/Models/Potion_5.uasset" 385
"../../../../../FinalLevelDesign/FinalLevelDesign/Content/AlchemistsHouse/Assets/Models/Potion_4.uasset" 386
"../../../../../FinalLevelDesign/FinalLevelDesign/Content/AlchemistsHouse/Assets/Models/Potion_3.uasset" 387
"../../../../../FinalLevelDesign/FinalLevelDesign/Content/AlchemistsHouse/Assets/Models/Potion_2.uasset" 388
"../../../../../FinalLevelDesign/FinalLevelDesign/Content/AlchemistsHouse/Assets/Models/Potion_1.uasset" 389
"../../../../../FinalLevelDesign/FinalLevelDesign/Content/AlchemistsHouse/Assets/Textures/Plate_texture.uasset" 390
"../../../../../FinalLevelDesign/FinalLevelDesign/Content/AlchemistsHouse/Assets/Materials/Plate_1.uasset" 391
"../../../../../FinalLevelDesign/FinalLevelDesign/Content/AlchemistsHouse/Assets/Models/Plate.uasset" 392
"../../../../../FinalLevelDesign/FinalLevelDesign/Content/AlchemistsHouse/Assets/Textures/Plant_texture.uasset" 393
"../../../../../FinalLevelDesign/FinalLevelDesign/Content/AlchemistsHouse/Assets/Textures/Plant_normal.uasset" 394
"../../../../../FinalLevelDesign/FinalLevelDesign/Content/AlchemistsHouse/Assets/Textures/Plant_alpha.uasset" 395
"../../../../../FinalLevelDesign/FinalLevelDesign/Content/AlchemistsHouse/Assets/Materials/Plant.uasset" 396
"../../../../../FinalLevelDesign/FinalLevelDesign/Content/AlchemistsHouse/Assets/Materials/Plant_texture_Mat.uasset" 397
"../../../../../FinalLevelDesign/FinalLevelDesign/Content/AlchemistsHouse/Assets/Models/Plant.uasset" 398
"../../../../../FinalLevelDesign/FinalLevelDesign/Content/AlchemistsHouse/Assets/Textures/Pillars_texture.uasset" 399
"../../../../../FinalLevelDesign/FinalLevelDesign/Content/AlchemistsHouse/Assets/Textures/Pillars_normal.uasset" 400
"../../../../../FinalLevelDesign/FinalLevelDesign/Content/AlchemistsHouse/Assets/Materials/Pillars.uasset" 401
"../../../../../FinalLevelDesign/FinalLevelDesign/Content/AlchemistsHouse/Assets/Models/Pillar_4_1.uasset" 402
"../../../../../FinalLevelDesign/FinalLevelDesign/Content/AlchemistsHouse/Assets/Models/Pillar_3_1.uasset" 403
"../../../../../FinalLevelDesign/FinalLevelDesign/Content/AlchemistsHouse/Assets/Models/Pillar_2_1.uasset" 404
"../../../../../FinalLevelDesign/FinalLevelDesign/Content/AlchemistsHouse/Assets/Models/Pillar_1_1.uasset" 405
"../../../../../FinalLevelDesign/FinalLevelDesign/Content/AlchemistsHouse/Assets/Textures/Pie_texture.uasset" 406
"../../../../../FinalLevelDesign/FinalLevelDesign/Content/AlchemistsHouse/Assets/Textures/Pie_normal.uasset" 407
"../../../../../FinalLevelDesign/FinalLevelDesign/Content/AlchemistsHouse/Assets/Materials/Pie.uasset" 408
"../../../../../FinalLevelDesign/FinalLevelDesign/Content/AlchemistsHouse/Assets/Materials/Pie_texture_Mat.uasset" 409
"../../../../../FinalLevelDesign/FinalLevelDesign/Content/AlchemistsHouse/Assets/Models/Pie.uasset" 410
"../../../../../FinalLevelDesign/FinalLevelDesign/Content/AlchemistsHouse/Assets/Textures/Lab_stuff_1_normal.uasset" 411
"../../../../../FinalLevelDesign/FinalLevelDesign/Content/AlchemistsHouse/Assets/Textures/Lab_stuff_1_texture.uasset" 412
"../../../../../FinalLevelDesign/FinalLevelDesign/Content/AlchemistsHouse/Assets/Materials/Lab_stuff_1.uasset" 413
"../../../../../FinalLevelDesign/FinalLevelDesign/Content/AlchemistsHouse/Assets/Materials/Lab_stuff_1_texture_Mat.uasset" 414
"../../../../../FinalLevelDesign/FinalLevelDesign/Content/AlchemistsHouse/Assets/Models/Mortar_1.uasset" 415
"../../../../../FinalLevelDesign/FinalLevelDesign/Content/AlchemistsHouse/Assets/Models/Mortar.uasset" 416
"../../../../../FinalLevelDesign/FinalLevelDesign/Content/AlchemistsHouse/Assets/Textures/Lighter_2_Em_mask.uasset" 417
"../../../../../FinalLevelDesign/FinalLevelDesign/Content/AlchemistsHouse/Assets/Textures/Lighter_2_normal.uasset" 418
"../../../../../FinalLevelDesign/FinalLevelDesign/Content/AlchemistsHouse/Assets/Textures/Lighter_2_texture.uasset" 419
"../../../../../FinalLevelDesign/FinalLevelDesign/Content/AlchemistsHouse/Assets/Materials/Lighter_2.uasset" 420
"../../../../../FinalLevelDesign/FinalLevelDesign/Content/AlchemistsHouse/Assets/Models/Lighter_2_3.uasset" 421
"../../../../../FinalLevelDesign/FinalLevelDesign/Content/AlchemistsHouse/Assets/Materials/Lighter_2_texture_Mat.uasset" 422
"../../../../../FinalLevelDesign/FinalLevelDesign/Content/AlchemistsHouse/Assets/Models/Lighter_2_2.uasset" 423
"../../../../../FinalLevelDesign/FinalLevelDesign/Content/AlchemistsHouse/Assets/Models/Lighter_2_1.uasset" 424
"../../../../../FinalLevelDesign/FinalLevelDesign/Content/AlchemistsHouse/Assets/Models/Lighter_2.uasset" 425
"../../../../../FinalLevelDesign/FinalLevelDesign/Content/AlchemistsHouse/Assets/Textures/Lighter_1_Em_mask.uasset" 426
"../../../../../FinalLevelDesign/FinalLevelDesign/Content/AlchemistsHouse/Assets/Textures/Lighter_normal.uasset" 427
"../../../../../FinalLevelDesign/FinalLevelDesign/Content/AlchemistsHouse/Assets/Textures/Lighter_texture.uasset" 428
"../../../../../FinalLevelDesign/FinalLevelDesign/Content/AlchemistsHouse/Assets/Materials/Lighter.uasset" 429
"../../../../../FinalLevelDesign/FinalLevelDesign/Content/AlchemistsHouse/Assets/Materials/Lighter_texture_Mat.uasset" 430
"../../../../../FinalLevelDesign/FinalLevelDesign/Content/AlchemistsHouse/Assets/Models/Lighter.uasset" 431
"../../../../../FinalLevelDesign/FinalLevelDesign/Content/AlchemistsHouse/Assets/Textures/Light_Shaft.uasset" 432
"../../../../../FinalLevelDesign/FinalLevelDesign/Content/AlchemistsHouse/Assets/Materials/Light_Shaft_Mat.uasset" 433
"../../../../../FinalLevelDesign/FinalLevelDesign/Content/AlchemistsHouse/Assets/Textures/Light_Shaft_Mat.uasset" 434
"../../../../../FinalLevelDesign/FinalLevelDesign/Content/AlchemistsHouse/Assets/Models/light_shaft.uasset" 435
"../../../../../FinalLevelDesign/FinalLevelDesign/Content/AlchemistsHouse/Assets/Textures/Candles_candlesticks_alpha.uasset" 436
"../../../../../FinalLevelDesign/FinalLevelDesign/Content/AlchemistsHouse/Assets/Textures/Candles_candlesticks_normal.uasset" 437
"../../../../../FinalLevelDesign/FinalLevelDesign/Content/AlchemistsHouse/Assets/Textures/Candles_candlesticks_texture.uasset" 438
"../../../../../FinalLevelDesign/FinalLevelDesign/Content/AlchemistsHouse/Assets/Materials/Candles_candlesticks.uasset" 439
"../../../../../FinalLevelDesign/FinalLevelDesign/Content/AlchemistsHouse/Assets/Materials/Candles_candlesticks_texture_Mat.uasset" 440
"../../../../../FinalLevelDesign/FinalLevelDesign/Content/AlchemistsHouse/Assets/Models/Ink_bottle.uasset" 441
"../../../../../FinalLevelDesign/FinalLevelDesign/Content/AlchemistsHouse/Assets/Textures/Ham_normal.uasset" 442
"../../../../../FinalLevelDesign/FinalLevelDesign/Content/AlchemistsHouse/Assets/Textures/Ham_texture.uasset" 443
"../../../../../FinalLevelDesign/FinalLevelDesign/Content/AlchemistsHouse/Assets/Materials/Ham.uasset" 444
"../../../../../FinalLevelDesign/FinalLevelDesign/Content/AlchemistsHouse/Assets/Materials/Ham_texture_Mat.uasset" 445
"../../../../../FinalLevelDesign/FinalLevelDesign/Content/AlchemistsHouse/Assets/Textures/Ham_texture_Mat.uasset" 446
"../../../../../FinalLevelDesign/FinalLevelDesign/Content/AlchemistsHouse/Assets/Models/Ham.uasset" 447
"../../../../../FinalLevelDesign/FinalLevelDesign/Content/AlchemistsHouse/Assets/Models/Gas-jet.uasset" 448
"../../../../../FinalLevelDesign/FinalLevelDesign/Content/AlchemistsHouse/Assets/Textures/Garlic_normal.uasset" 449
"../../../../../FinalLevelDesign/FinalLevelDesign/Content/AlchemistsHouse/Assets/Textures/Garlic_texture.uasset" 450
"../../../../../FinalLevelDesign/FinalLevelDesign/Content/AlchemistsHouse/Assets/Materials/Garlic.uasset" 451
"../../../../../FinalLevelDesign/FinalLevelDesign/Content/AlchemistsHouse/Assets/Materials/Garlic_texture_Mat.uasset" 452
"../../../../../FinalLevelDesign/FinalLevelDesign/Content/AlchemistsHouse/Assets/Models/Garlic.uasset" 453
"../../../../../FinalLevelDesign/FinalLevelDesign/Content/AlchemistsHouse/Assets/Textures/Floor_wooden_normal_2.uasset" 454
"../../../../../FinalLevelDesign/FinalLevelDesign/Content/AlchemistsHouse/Assets/Textures/Floor_wooden_texture.uasset" 455
"../../../../../FinalLevelDesign/FinalLevelDesign/Content/AlchemistsHouse/Assets/Materials/Floor_wooden_texture_Mat.uasset" 456
"../../../../../FinalLevelDesign/FinalLevelDesign/Content/AlchemistsHouse/Assets/Models/Floor_8.uasset" 457
"../../../../../FinalLevelDesign/FinalLevelDesign/Content/AlchemistsHouse/Assets/Models/Floor_7.uasset" 458
"../../../../../FinalLevelDesign/FinalLevelDesign/Content/AlchemistsHouse/Assets/Models/Floor_6.uasset" 459
"../../../../../FinalLevelDesign/FinalLevelDesign/Content/AlchemistsHouse/Assets/Models/Floor_5.uasset" 460
"../../../../../FinalLevelDesign/FinalLevelDesign/Content/AlchemistsHouse/Assets/Models/Floor_3.uasset" 461
"../../../../../FinalLevelDesign/FinalLevelDesign/Content/AlchemistsHouse/Assets/Models/Floor_2.uasset" 462
"../../../../../FinalLevelDesign/FinalLevelDesign/Content/AlchemistsHouse/Assets/Models/Floor_1.uasset" 463
"../../../../../FinalLevelDesign/FinalLevelDesign/Content/AlchemistsHouse/Assets/Models/Flask_cover.uasset" 464
"../../../../../FinalLevelDesign/FinalLevelDesign/Content/AlchemistsHouse/Assets/Models/Flask_2.uasset" 465
"../../../../../FinalLevelDesign/FinalLevelDesign/Content/AlchemistsHouse/Assets/Models/Flask_1.uasset" 466
"../../../../../FinalLevelDesign/FinalLevelDesign/Content/AlchemistsHouse/Assets/Textures/Flame_alpha.uasset" 467
"../../../../../FinalLevelDesign/FinalLevelDesign/Content/AlchemistsHouse/Assets/Textures/Flame.uasset" 468
"../../../../../FinalLevelDesign/FinalLevelDesign/Content/AlchemistsHouse/Assets/Textures/Flame_Mat.uasset" 469
"../../../../../FinalLevelDesign/FinalLevelDesign/Content/AlchemistsHouse/Assets/Models/Flame_plane.uasset" 470
"../../../../../FinalLevelDesign/FinalLevelDesign/Content/AlchemistsHouse/Assets/Textures/Flag_alpha.uasset" 471
"../../../../../FinalLevelDesign/FinalLevelDesign/Content/AlchemistsHouse/Assets/Textures/Flag_normal.uasset" 472
"../../../../../FinalLevelDesign/FinalLevelDesign/Content/AlchemistsHouse/Assets/Textures/Flag_texture.uasset" 473
"../../../../../FinalLevelDesign/FinalLevelDesign/Content/AlchemistsHouse/Assets/Materials/Flag.uasset" 474
"../../../../../FinalLevelDesign/FinalLevelDesign/Content/AlchemistsHouse/Assets/Models/Flag.uasset" 475
"../../../../../FinalLevelDesign/FinalLevelDesign/Content/AlchemistsHouse/Assets/Textures/Fireplace_normal.uasset" 476
"../../../../../FinalLevelDesign/FinalLevelDesign/Content/AlchemistsHouse/Assets/Textures/Fireplace_texture.uasset" 477
"../../../../../FinalLevelDesign/FinalLevelDesign/Content/AlchemistsHouse/Assets/Materials/Fireplace.uasset" 478
"../../../../../FinalLevelDesign/FinalLevelDesign/Content/AlchemistsHouse/Assets/Models/Fireplace.uasset" 479
"../../../../../FinalLevelDesign/FinalLevelDesign/Content/AlchemistsHouse/Assets/Textures/Doors_normal.uasset" 480
"../../../../../FinalLevelDesign/FinalLevelDesign/Content/AlchemistsHouse/Assets/Textures/Doors_texture.uasset" 481
"../../../../../FinalLevelDesign/FinalLevelDesign/Content/AlchemistsHouse/Assets/Materials/Doors.uasset" 482
"../../../../../FinalLevelDesign/FinalLevelDesign/Content/AlchemistsHouse/Assets/Models/Door_aperture_1.uasset" 483
"../../../../../FinalLevelDesign/FinalLevelDesign/Content/AlchemistsHouse/Assets/Materials/Doors_texture_Mat.uasset" 484
"../../../../../FinalLevelDesign/FinalLevelDesign/Content/AlchemistsHouse/Assets/Models/Door_1.uasset" 485
"../../../../../FinalLevelDesign/FinalLevelDesign/Content/AlchemistsHouse/Assets/Textures/Cup_normal.uasset" 486
"../../../../../FinalLevelDesign/FinalLevelDesign/Content/AlchemistsHouse/Assets/Textures/Cup_texture.uasset" 487
"../../../../../FinalLevelDesign/FinalLevelDesign/Content/AlchemistsHouse/Assets/Materials/Cup.uasset" 488
"../../../../../FinalLevelDesign/FinalLevelDesign/Content/AlchemistsHouse/Assets/Materials/Cup_texture_Mat.uasset" 489
"../../../../../FinalLevelDesign/FinalLevelDesign/Content/AlchemistsHouse/Assets/Textures/Cup_texture_Mat.uasset" 490
"../../../../../FinalLevelDesign/FinalLevelDesign/Content/AlchemistsHouse/Assets/Models/Cup.uasset" 491
"../../../../../FinalLevelDesign/FinalLevelDesign/Content/AlchemistsHouse/Assets/Textures/Chicken_normal.uasset" 492
"../../../../../FinalLevelDesign/FinalLevelDesign/Content/AlchemistsHouse/Assets/Textures/Chicken_texture.uasset" 493
"../../../../../FinalLevelDesign/FinalLevelDesign/Content/AlchemistsHouse/Assets/Materials/Chicken.uasset" 494
"../../../../../FinalLevelDesign/FinalLevelDesign/Content/AlchemistsHouse/Assets/Materials/Chicken_texture_Mat.uasset" 495
"../../../../../FinalLevelDesign/FinalLevelDesign/Content/AlchemistsHouse/Assets/Models/Chicken.uasset" 496
"../../../../../FinalLevelDesign/FinalLevelDesign/Content/AlchemistsHouse/Assets/Textures/Chest_normal.uasset" 497
"../../../../../FinalLevelDesign/FinalLevelDesign/Content/AlchemistsHouse/Assets/Textures/Chest_texture.uasset" 498
"../../../../../FinalLevelDesign/FinalLevelDesign/Content/AlchemistsHouse/Assets/Materials/Chest.uasset" 499
"../../../../../FinalLevelDesign/FinalLevelDesign/Content/AlchemistsHouse/Assets/Materials/Chest_texture_Mat.uasset" 500
"../../../../../FinalLevelDesign/FinalLevelDesign/Content/AlchemistsHouse/Assets/Textures/Chest_texture_Mat.uasset" 501
"../../../../../FinalLevelDesign/FinalLevelDesign/Content/AlchemistsHouse/Assets/Models/Chest_cover.uasset" 502
"../../../../../FinalLevelDesign/FinalLevelDesign/Content/AlchemistsHouse/Assets/Models/Chest.uasset" 503
"../../../../../FinalLevelDesign/FinalLevelDesign/Content/AlchemistsHouse/Assets/Textures/Cheese_normal.uasset" 504
"../../../../../FinalLevelDesign/FinalLevelDesign/Content/AlchemistsHouse/Assets/Textures/Cheese_texture.uasset" 505
"../../../../../FinalLevelDesign/FinalLevelDesign/Content/AlchemistsHouse/Assets/Materials/Cheese.uasset" 506
"../../../../../FinalLevelDesign/FinalLevelDesign/Content/AlchemistsHouse/Assets/Materials/Cheese_texture_Mat.uasset" 507
"../../../../../FinalLevelDesign/FinalLevelDesign/Content/AlchemistsHouse/Assets/Models/Cheese_part.uasset" 508
"../../../../../FinalLevelDesign/FinalLevelDesign/Content/AlchemistsHouse/Assets/Models/Cheese.uasset" 509
"../../../../../FinalLevelDesign/FinalLevelDesign/Content/AlchemistsHouse/Assets/Textures/Chair_texture.uasset" 510
"../../../../../FinalLevelDesign/FinalLevelDesign/Content/AlchemistsHouse/Assets/Textures/Chair_normal.uasset" 511
"../../../../../FinalLevelDesign/FinalLevelDesign/Content/AlchemistsHouse/Assets/Materials/Chair.uasset" 512
"../../../../../FinalLevelDesign/FinalLevelDesign/Content/AlchemistsHouse/Assets/Models/Chair.uasset" 513
"../../../../../FinalLevelDesign/FinalLevelDesign/Content/AlchemistsHouse/Assets/Textures/Celling_2_normal.uasset" 514
"../../../../../FinalLevelDesign/FinalLevelDesign/Content/AlchemistsHouse/Assets/Textures/Celling_2_texture.uasset" 515
"../../../../../FinalLevelDesign/FinalLevelDesign/Content/AlchemistsHouse/Assets/Materials/Celling_2.uasset" 516
"../../../../../FinalLevelDesign/FinalLevelDesign/Content/AlchemistsHouse/Assets/Models/Ceiling_round.uasset" 517
"../../../../../FinalLevelDesign/FinalLevelDesign/Content/AlchemistsHouse/Assets/Models/Ceiling_board_2_half.uasset" 518
"../../../../../FinalLevelDesign/FinalLevelDesign/Content/AlchemistsHouse/Assets/Models/Ceiling_board_2.uasset" 519
"../../../../../FinalLevelDesign/FinalLevelDesign/Content/AlchemistsHouse/Assets/Models/Ceiling_board_1_half.uasset" 520
"../../../../../FinalLevelDesign/FinalLevelDesign/Content/AlchemistsHouse/Assets/Models/Ceiling_board_1.uasset" 521
"../../../../../FinalLevelDesign/FinalLevelDesign/Content/AlchemistsHouse/Assets/Models/Ceiling_2_2_half.uasset" 522
"../../../../../FinalLevelDesign/FinalLevelDesign/Content/AlchemistsHouse/Assets/Textures/Celling_1_normal.uasset" 523
"../../../../../FinalLevelDesign/FinalLevelDesign/Content/AlchemistsHouse/Assets/Textures/Celling_1_texture.uasset" 524
"../../../../../FinalLevelDesign/FinalLevelDesign/Content/AlchemistsHouse/Assets/Materials/Celling_1.uasset" 525
"../../../../../FinalLevelDesign/FinalLevelDesign/Content/AlchemistsHouse/Assets/Models/Ceiling_1_2_half.uasset" 526
"../../../../../FinalLevelDesign/FinalLevelDesign/Content/AlchemistsHouse/Assets/Models/Ceiling_1_2.uasset" 527
"../../../../../FinalLevelDesign/FinalLevelDesign/Content/AlchemistsHouse/Assets/Models/Ceiling_1_1_half.uasset" 528
"../../../../../FinalLevelDesign/FinalLevelDesign/Content/AlchemistsHouse/Assets/Models/Ceiling_1_1.uasset" 529
"../../../../../FinalLevelDesign/FinalLevelDesign/Content/AlchemistsHouse/Assets/Textures/carrot.uasset" 530
"../../../../../FinalLevelDesign/FinalLevelDesign/Content/AlchemistsHouse/Assets/Materials/carrot.uasset" 531
"../../../../../FinalLevelDesign/FinalLevelDesign/Content/AlchemistsHouse/Assets/Materials/carrot_Mat.uasset" 532
"../../../../../FinalLevelDesign/FinalLevelDesign/Content/AlchemistsHouse/Assets/Models/Carrot.uasset" 533
"../../../../../FinalLevelDesign/FinalLevelDesign/Content/AlchemistsHouse/Assets/Textures/Carpet_long_texture_2.uasset" 534
"../../../../../FinalLevelDesign/FinalLevelDesign/Content/AlchemistsHouse/Assets/Materials/Carpet_long_2.uasset" 535
"../../../../../FinalLevelDesign/FinalLevelDesign/Content/AlchemistsHouse/Assets/Textures/Carpet_long_texture_Mat2.uasset" 536
"../../../../../FinalLevelDesign/FinalLevelDesign/Content/AlchemistsHouse/Assets/Models/Carpet_long.uasset" 537
"../../../../../FinalLevelDesign/FinalLevelDesign/Content/AlchemistsHouse/Assets/Textures/Carpet_2_texture.uasset" 538
"../../../../../FinalLevelDesign/FinalLevelDesign/Content/AlchemistsHouse/Assets/Materials/Carpet_2.uasset" 539
"../../../../../FinalLevelDesign/FinalLevelDesign/Content/AlchemistsHouse/Assets/Materials/Carpet_2_texture_Mat.uasset" 540
"../../../../../FinalLevelDesign/FinalLevelDesign/Content/AlchemistsHouse/Assets/Textures/Carpet_2_texture_Mat.uasset" 541
"../../../../../FinalLevelDesign/FinalLevelDesign/Content/AlchemistsHouse/Assets/Models/Carpet_2_1.uasset" 542
"../../../../../FinalLevelDesign/FinalLevelDesign/Content/AlchemistsHouse/Assets/Textures/Carpet_texture.uasset" 543
"../../../../../FinalLevelDesign/FinalLevelDesign/Content/AlchemistsHouse/Assets/Materials/Carpet.uasset" 544
"../../../../../FinalLevelDesign/FinalLevelDesign/Content/AlchemistsHouse/Assets/Materials/Carpet_texture_Mat.uasset" 545
"../../../../../FinalLevelDesign/FinalLevelDesign/Content/AlchemistsHouse/Assets/Models/Carpet.uasset" 546
"../../../../../FinalLevelDesign/FinalLevelDesign/Content/AlchemistsHouse/Assets/Models/Candlestick.uasset" 547
"../../../../../FinalLevelDesign/FinalLevelDesign/Content/AlchemistsHouse/Assets/Models/Candle_wax.uasset" 548
"../../../../../FinalLevelDesign/FinalLevelDesign/Content/AlchemistsHouse/Assets/Models/Candle_4.uasset" 549
"../../../../../FinalLevelDesign/FinalLevelDesign/Content/AlchemistsHouse/Assets/Models/Candle_3.uasset" 550
"../../../../../FinalLevelDesign/FinalLevelDesign/Content/AlchemistsHouse/Assets/Models/Candle_2.uasset" 551
"../../../../../FinalLevelDesign/FinalLevelDesign/Content/AlchemistsHouse/Assets/Models/Candle_1.uasset" 552
"../../../../../FinalLevelDesign/FinalLevelDesign/Content/AlchemistsHouse/Assets/Textures/broccoli.uasset" 553
"../../../../../FinalLevelDesign/FinalLevelDesign/Content/AlchemistsHouse/Assets/Materials/Broccoli.uasset" 554
"../../../../../FinalLevelDesign/FinalLevelDesign/Content/AlchemistsHouse/Assets/Materials/broccoli_Mat.uasset" 555
"../../../../../FinalLevelDesign/FinalLevelDesign/Content/AlchemistsHouse/Assets/Textures/broccoli_Mat.uasset" 556
"../../../../../FinalLevelDesign/FinalLevelDesign/Content/AlchemistsHouse/Assets/Models/Broccoli.uasset" 557
"../../../../../FinalLevelDesign/FinalLevelDesign/Content/AlchemistsHouse/Assets/Textures/Bread_texture.uasset" 558
"../../../../../FinalLevelDesign/FinalLevelDesign/Content/AlchemistsHouse/Assets/Materials/Bread.uasset" 559
"../../../../../FinalLevelDesign/FinalLevelDesign/Content/AlchemistsHouse/Assets/Materials/Bread_texture_Mat.uasset" 560
"../../../../../FinalLevelDesign/FinalLevelDesign/Content/AlchemistsHouse/Assets/Models/Bread_part_2.uasset" 561
"../../../../../FinalLevelDesign/FinalLevelDesign/Content/AlchemistsHouse/Assets/Models/Bread_part_1.uasset" 562
"../../../../../FinalLevelDesign/FinalLevelDesign/Content/AlchemistsHouse/Assets/Textures/bookcase_normal.uasset" 563
"../../../../../FinalLevelDesign/FinalLevelDesign/Content/AlchemistsHouse/Assets/Textures/bookcase_texture.uasset" 564
"../../../../../FinalLevelDesign/FinalLevelDesign/Content/AlchemistsHouse/Assets/Materials/bookcase.uasset" 565
"../../../../../FinalLevelDesign/FinalLevelDesign/Content/AlchemistsHouse/Assets/Models/Bookcase.uasset" 566
"../../../../../FinalLevelDesign/FinalLevelDesign/Content/AlchemistsHouse/Assets/Textures/Book_opened_normal.uasset" 567
"../../../../../FinalLevelDesign/FinalLevelDesign/Content/AlchemistsHouse/Assets/Textures/Book_opened_texture.uasset" 568
"../../../../../FinalLevelDesign/FinalLevelDesign/Content/AlchemistsHouse/Assets/Materials/Book_opened.uasset" 569
"../../../../../FinalLevelDesign/FinalLevelDesign/Content/AlchemistsHouse/Assets/Materials/Book_opened_texture_Mat.uasset" 570
"../../../../../FinalLevelDesign/FinalLevelDesign/Content/AlchemistsHouse/Assets/Models/Book_opened.uasset" 571
"../../../../../FinalLevelDesign/FinalLevelDesign/Content/AlchemistsHouse/Assets/Textures/Book_closed_normal.uasset" 572
"../../../../../FinalLevelDesign/FinalLevelDesign/Content/AlchemistsHouse/Assets/Textures/Book_closed_texture.uasset" 573
"../../../../../FinalLevelDesign/FinalLevelDesign/Content/AlchemistsHouse/Assets/Materials/Book_closed.uasset" 574
"../../../../../FinalLevelDesign/FinalLevelDesign/Content/AlchemistsHouse/Assets/Materials/Book_closed_texture_Mat.uasset" 575
"../../../../../FinalLevelDesign/FinalLevelDesign/Content/AlchemistsHouse/Assets/Models/Book_closed.uasset" 576
"../../../../../FinalLevelDesign/FinalLevelDesign/Content/AlchemistsHouse/Assets/Textures/Book_5_normal.uasset" 577
"../../../../../FinalLevelDesign/FinalLevelDesign/Content/AlchemistsHouse/Assets/Textures/Book_5_texture.uasset" 578
"../../../../../FinalLevelDesign/FinalLevelDesign/Content/AlchemistsHouse/Assets/Materials/Book_5.uasset" 579
"../../../../../FinalLevelDesign/FinalLevelDesign/Content/AlchemistsHouse/Assets/Materials/Book_5_texture_Mat.uasset" 580
"../../../../../FinalLevelDesign/FinalLevelDesign/Content/AlchemistsHouse/Assets/Models/Book_7.uasset" 581
"../../../../../FinalLevelDesign/FinalLevelDesign/Content/AlchemistsHouse/Assets/Textures/Book_6_normal.uasset" 582
"../../../../../FinalLevelDesign/FinalLevelDesign/Content/AlchemistsHouse/Assets/Textures/Book_6_texture.uasset" 583
"../../../../../FinalLevelDesign/FinalLevelDesign/Content/AlchemistsHouse/Assets/Materials/Book_6.uasset" 584
"../../../../../FinalLevelDesign/FinalLevelDesign/Content/AlchemistsHouse/Assets/Materials/Book_6_texture_Mat.uasset" 585
"../../../../../FinalLevelDesign/FinalLevelDesign/Content/AlchemistsHouse/Assets/Models/Book_6.uasset" 586
"../../../../../FinalLevelDesign/FinalLevelDesign/Content/AlchemistsHouse/Assets/Models/Book_5.uasset" 587
"../../../../../FinalLevelDesign/FinalLevelDesign/Content/AlchemistsHouse/Assets/Textures/Book_4_normal.uasset" 588
"../../../../../FinalLevelDesign/FinalLevelDesign/Content/AlchemistsHouse/Assets/Textures/Book_4_texture.uasset" 589
"../../../../../FinalLevelDesign/FinalLevelDesign/Content/AlchemistsHouse/Assets/Materials/Book_4.uasset" 590
"../../../../../FinalLevelDesign/FinalLevelDesign/Content/AlchemistsHouse/Assets/Materials/Book_4_texture_Mat.uasset" 591
"../../../../../FinalLevelDesign/FinalLevelDesign/Content/AlchemistsHouse/Assets/Models/Book_4.uasset" 592
"../../../../../FinalLevelDesign/FinalLevelDesign/Content/AlchemistsHouse/Assets/Textures/Book_3_normal.uasset" 593
"../../../../../FinalLevelDesign/FinalLevelDesign/Content/AlchemistsHouse/Assets/Textures/Book_3_texture.uasset" 594
"../../../../../FinalLevelDesign/FinalLevelDesign/Content/AlchemistsHouse/Assets/Materials/Book_3.uasset" 595
"../../../../../FinalLevelDesign/FinalLevelDesign/Content/AlchemistsHouse/Assets/Materials/Book_3_texture_Mat.uasset" 596
"../../../../../FinalLevelDesign/FinalLevelDesign/Content/AlchemistsHouse/Assets/Models/Book_3.uasset" 597
"../../../../../FinalLevelDesign/FinalLevelDesign/Content/AlchemistsHouse/Assets/Textures/Book_2_normal.uasset" 598
"../../../../../FinalLevelDesign/FinalLevelDesign/Content/AlchemistsHouse/Assets/Textures/Book_2_texture.uasset" 599
"../../../../../FinalLevelDesign/FinalLevelDesign/Content/AlchemistsHouse/Assets/Materials/Book_2.uasset" 600
"../../../../../FinalLevelDesign/FinalLevelDesign/Content/AlchemistsHouse/Assets/Materials/Book_2_texture_Mat.uasset" 601
"../../../../../FinalLevelDesign/FinalLevelDesign/Content/AlchemistsHouse/Assets/Models/Book_2.uasset" 602
"../../../../../FinalLevelDesign/FinalLevelDesign/Content/AlchemistsHouse/Assets/Textures/Book_1_normal.uasset" 603
"../../../../../FinalLevelDesign/FinalLevelDesign/Content/AlchemistsHouse/Assets/Textures/Book_1_texture.uasset" 604
"../../../../../FinalLevelDesign/FinalLevelDesign/Content/AlchemistsHouse/Assets/Materials/Book_1.uasset" 605
"../../../../../FinalLevelDesign/FinalLevelDesign/Content/AlchemistsHouse/Assets/Materials/Book_1_texture_Mat.uasset" 606
"../../../../../FinalLevelDesign/FinalLevelDesign/Content/AlchemistsHouse/Assets/Models/Book_1.uasset" 607
"../../../../../FinalLevelDesign/FinalLevelDesign/Content/AlchemistsHouse/Assets/Textures/Board_2_normal.uasset" 608
"../../../../../FinalLevelDesign/FinalLevelDesign/Content/AlchemistsHouse/Assets/Textures/Board_2_texture.uasset" 609
"../../../../../FinalLevelDesign/FinalLevelDesign/Content/AlchemistsHouse/Assets/Materials/Board_2.uasset" 610
"../../../../../FinalLevelDesign/FinalLevelDesign/Content/AlchemistsHouse/Assets/Materials/Board_2_texture_Mat.uasset" 611
"../../../../../FinalLevelDesign/FinalLevelDesign/Content/AlchemistsHouse/Assets/Models/Board_small.uasset" 612
"../../../../../FinalLevelDesign/FinalLevelDesign/Content/AlchemistsHouse/Assets/Textures/Board_1_normal.uasset" 613
"../../../../../FinalLevelDesign/FinalLevelDesign/Content/AlchemistsHouse/Assets/Textures/Board_1_texture.uasset" 614
"../../../../../FinalLevelDesign/FinalLevelDesign/Content/AlchemistsHouse/Assets/Materials/Board.uasset" 615
"../../../../../FinalLevelDesign/FinalLevelDesign/Content/AlchemistsHouse/Assets/Materials/Board_1_texture_Mat.uasset" 616
"../../../../../FinalLevelDesign/FinalLevelDesign/Content/AlchemistsHouse/Assets/Models/Board_large.uasset" 617
"../../../../../FinalLevelDesign/FinalLevelDesign/Content/AlchemistsHouse/Assets/Textures/Blinds_normal.uasset" 618
"../../../../../FinalLevelDesign/FinalLevelDesign/Content/AlchemistsHouse/Assets/Textures/Blinds_texture.uasset" 619
"../../../../../FinalLevelDesign/FinalLevelDesign/Content/AlchemistsHouse/Assets/Materials/Blinds.uasset" 620
"../../../../../FinalLevelDesign/FinalLevelDesign/Content/AlchemistsHouse/Assets/Materials/Blinds_texture_Mat.uasset" 621
"../../../../../FinalLevelDesign/FinalLevelDesign/Content/AlchemistsHouse/Assets/Textures/Blinds_texture_Mat.uasset" 622
"../../../../../FinalLevelDesign/FinalLevelDesign/Content/AlchemistsHouse/Assets/Models/Blinds.uasset" 623
"../../../../../FinalLevelDesign/FinalLevelDesign/Content/AlchemistsHouse/Assets/Textures/Balcony_normal.uasset" 624
"../../../../../FinalLevelDesign/FinalLevelDesign/Content/AlchemistsHouse/Assets/Textures/Balcony_texture.uasset" 625
"../../../../../FinalLevelDesign/FinalLevelDesign/Content/AlchemistsHouse/Assets/Materials/Balcony.uasset" 626
"../../../../../FinalLevelDesign/FinalLevelDesign/Content/AlchemistsHouse/Assets/Models/Balcony_corner.uasset" 627
"../../../../../FinalLevelDesign/FinalLevelDesign/Content/AlchemistsHouse/Assets/Models/Balcony.uasset" 628
"../../../../../FinalLevelDesign/FinalLevelDesign/Content/AlchemistsHouse/Assets/Textures/Armchair_normal.uasset" 629
"../../../../../FinalLevelDesign/FinalLevelDesign/Content/AlchemistsHouse/Assets/Textures/Armchair_texture.uasset" 630
"../../../../../FinalLevelDesign/FinalLevelDesign/Content/AlchemistsHouse/Assets/Materials/Armchair.uasset" 631
"../../../../../FinalLevelDesign/FinalLevelDesign/Content/AlchemistsHouse/Assets/Models/Armchair.uasset" 632
"../../../../../FinalLevelDesign/FinalLevelDesign/Content/AlchemistsHouse/Assets/Textures/Apple_texture.uasset" 633
"../../../../../FinalLevelDesign/FinalLevelDesign/Content/AlchemistsHouse/Assets/Materials/Apple.uasset" 634
"../../../../../FinalLevelDesign/FinalLevelDesign/Content/AlchemistsHouse/Assets/Models/Apple.uasset" 635
"../../../../../FinalLevelDesign/FinalLevelDesign/Content/AlchemistsHouse/Assets/Textures/Ambry_texture.uasset" 636
"../../../../../FinalLevelDesign/FinalLevelDesign/Content/AlchemistsHouse/Assets/Textures/Ambry_normal.uasset" 637
"../../../../../FinalLevelDesign/FinalLevelDesign/Content/AlchemistsHouse/Assets/Materials/Ambry.uasset" 638
"../../../../../FinalLevelDesign/FinalLevelDesign/Content/AlchemistsHouse/Assets/Materials/Ambry_texture_Mat.uasset" 639
"../../../../../FinalLevelDesign/FinalLevelDesign/Content/AlchemistsHouse/Assets/Models/Ambry_door.uasset" 640
"../../../../../FinalLevelDesign/FinalLevelDesign/Content/AlchemistsHouse/Assets/Models/Ambry.uasset" 641
"../../../../../FinalLevelDesign/FinalLevelDesign/Content/AlchemistsHouse/Assets/Textures/Alchemist_table_texture.uasset" 642
"../../../../../FinalLevelDesign/FinalLevelDesign/Content/AlchemistsHouse/Assets/Textures/Alchemist_table_normal.uasset" 643
"../../../../../FinalLevelDesign/FinalLevelDesign/Content/AlchemistsHouse/Assets/Materials/Alchemist_table.uasset" 644
"../../../../../FinalLevelDesign/FinalLevelDesign/Content/AlchemistsHouse/Assets/Models/Alchemist_table.uasset" 645
"../../../Engine/Content/EngineSky/T_Sky_Stars.uasset" 646
"../../../Engine/Content/EngineSky/T_Sky_Clouds_M.uasset" 647
"../../../Engine/Content/EngineSky/T_Sky_Blue.uasset" 648
"../../../../../FinalLevelDesign/FinalLevelDesign/Content/AlchemistsHouse/Assets/Textures/Tablecloth_blue_texture.uasset" 649
"../../../../../FinalLevelDesign/FinalLevelDesign/Content/AlchemistsHouse/Assets/Materials/Tablecloth_blue.uasset" 650
"../../../../../FinalLevelDesign/FinalLevelDesign/Content/AlchemistsHouse/Assets/Textures/Plate_texture_3.uasset" 651
"../../../../../FinalLevelDesign/FinalLevelDesign/Content/AlchemistsHouse/Assets/Materials/Plate_3.uasset" 652
"../../../../../FinalLevelDesign/FinalLevelDesign/Content/AlchemistsHouse/Assets/Textures/Plate_texture_2.uasset" 653
"../../../../../FinalLevelDesign/FinalLevelDesign/Content/AlchemistsHouse/Assets/Materials/Plate_2.uasset" 654
"../../../../../FinalLevelDesign/FinalLevelDesign/Content/AlchemistsHouse/Assets/Materials/Light_Shaft_Mat3.uasset" 655
"../../../../../FinalLevelDesign/FinalLevelDesign/Content/AlchemistsHouse/Assets/Materials/Light_Shaft_Mat2.uasset" 656
"../../../../../FinalLevelDesign/FinalLevelDesign/Content/AlchemistsHouse/Assets/Textures/Floor_parquet_normal.uasset" 657
"../../../../../FinalLevelDesign/FinalLevelDesign/Content/AlchemistsHouse/Assets/Textures/Floor_parquet_texture.uasset" 658
"../../../../../FinalLevelDesign/FinalLevelDesign/Content/AlchemistsHouse/Assets/Materials/Floor_parquet.uasset" 659
"../../../../../FinalLevelDesign/FinalLevelDesign/Content/AlchemistsHouse/Assets/Textures/Carpet_long_texture.uasset" 660
"../../../../../FinalLevelDesign/FinalLevelDesign/Content/AlchemistsHouse/Assets/Materials/Carpet_long.uasset" 661
"../../../Engine/Content/EngineSky/M_Sky_Panning_Clouds2.uasset" 662
"../../../../../FinalLevelDesign/FinalLevelDesign/Content/AlchemistsHouse/Assets/Materials/Lighter_2-1.uasset" 663
"../../../../../FinalLevelDesign/FinalLevelDesign/Content/Sounds/SlimeSound4.uasset" 664
"../../../../../FinalLevelDesign/FinalLevelDesign/Content/Movies/Title_MS.uasset" 665
"../../../../../FinalLevelDesign/FinalLevelDesign/Content/Movies/Title_MP.uasset" 666
"../../../../../FinalLevelDesign/FinalLevelDesign/Content/Movies/Title_MP_Video.uasset" 667
"../../../../../FinalLevelDesign/FinalLevelDesign/Content/Widgets/MainMenu_Widget.uasset" 668
"../../../../../FinalLevelDesign/FinalLevelDesign/Content/MainMenuAssets/MainMenu_P.uasset" 669
"../../../../../FinalLevelDesign/FinalLevelDesign/Content/MainMenuAssets/MainMenu_GM.uasset" 670
"../../../Engine/Content/EngineSky/SM_SkySphere.uasset" 671
"../../../Engine/Content/EngineSky/C_Sky_Zenith_Color.uasset" 672
"../../../Engine/Content/EngineSky/C_Sky_Horizon_Color.uasset" 673
"../../../Engine/Content/EngineSky/C_Sky_Cloud_Color.uasset" 674
"../../../Engine/Content/EngineSky/BP_Sky_Sphere.uasset" 675
"../../../../../FinalLevelDesign/FinalLevelDesign/Content/Maps/Menu.umap" 676
"../../../../../FinalLevelDesign/FinalLevelDesign/Content/Sounds/Music/Level1_Music.uasset" 677
"../../../../../FinalLevelDesign/FinalLevelDesign/Content/Sounds/MovingPlatform3.uasset" 678
"../../../../../FinalLevelDesign/FinalLevelDesign/Content/Sounds/MovingPlatform3_Cue.uasset" 679
"../../../../../FinalLevelDesign/FinalLevelDesign/Content/Sounds/MovingPlatform1.uasset" 680
"../../../../../FinalLevelDesign/FinalLevelDesign/Content/Sounds/MovingPlatform1_Cue.uasset" 681
"../../../../../FinalLevelDesign/FinalLevelDesign/Content/AlchemistsHouse/Extra_Assets/RadiationFloor_C_2x4M_DefaultMaterial_OcclusionRoughnessMetallic_1001.uasset" 682
"../../../../../FinalLevelDesign/FinalLevelDesign/Content/AlchemistsHouse/Extra_Assets/RadiationFloor_C_2x4M_DefaultMaterial_BaseColor_1001.uasset" 683
"../../../../../FinalLevelDesign/FinalLevelDesign/Content/AlchemistsHouse/Extra_Assets/M_SplashSlimeC.uasset" 684
"../../../../../FinalLevelDesign/FinalLevelDesign/Content/AlchemistsHouse/Extra_Assets/RadiationFloor_C_2x4M.uasset" 685
"../../../../../FinalLevelDesign/FinalLevelDesign/Content/AlchemistsHouse/Extra_Assets/RadiationFloor_B_2x4M_DefaultMaterial_OcclusionRoughnessMetallic_1001.uasset" 686
"../../../../../FinalLevelDesign/FinalLevelDesign/Content/AlchemistsHouse/Extra_Assets/RadiationFloor_B_2x4M_DefaultMaterial_BaseColor_1001.uasset" 687
"../../../../../FinalLevelDesign/FinalLevelDesign/Content/AlchemistsHouse/Extra_Assets/M_SplashSlimeB.uasset" 688
"../../../../../FinalLevelDesign/FinalLevelDesign/Content/AlchemistsHouse/Extra_Assets/RadiationFloor_B_2x4M.uasset" 689
"../../../../../FinalLevelDesign/FinalLevelDesign/Content/AlchemistsHouse/Extra_Assets/RadiationFloor_A_2x4M.uasset" 690
"../../../../../FinalLevelDesign/FinalLevelDesign/Content/AlchemistsHouse/Extra_Assets/TileColor.uasset" 691
"../../../../../FinalLevelDesign/FinalLevelDesign/Content/AlchemistsHouse/Extra_Assets/M_Platform.uasset" 692
"../../../../../FinalLevelDesign/FinalLevelDesign/Content/AlchemistsHouse/Extra_Assets/Platform.uasset" 693
"../../../../../FinalLevelDesign/FinalLevelDesign/Content/AlchemistsHouse/Assets/Particles/ChangeLevel_mat.uasset" 694
"../../../../../FinalLevelDesign/FinalLevelDesign/Content/AlchemistsHouse/Assets/Particles/ChangeLevelParticles.uasset" 695
"../../../../../FinalLevelDesign/FinalLevelDesign/Content/AlchemistsHouse/Assets/Models/Wall_Corner_5.uasset" 696
"../../../../../FinalLevelDesign/FinalLevelDesign/Content/AlchemistsHouse/Assets/Models/Pillar_4_2.uasset" 697
"../../../../../FinalLevelDesign/FinalLevelDesign/Content/AlchemistsHouse/Assets/Models/Door_fake.uasset" 698
"../../../../../FinalLevelDesign/FinalLevelDesign/Content/AlchemistsHouse/Assets/Textures/Carpet_long_texture_Mat.uasset" 699
"../../../../../FinalLevelDesign/FinalLevelDesign/Content/AlchemistsHouse/Assets/Models/Carpet_long_2.uasset" 700
"../../../../../FinalLevelDesign/FinalLevelDesign/Content/AlchemistsHouse/Assets/Models/Carpet_1_1.uasset" 701
"../../../Engine/Content/MapTemplates/SM_Template_Map_Floor.uasset" 702
"../../../Engine/Content/BasicShapes/Cube.uasset" 703
"../../../../../FinalLevelDesign/FinalLevelDesign/Content/DreamscapeSeries/SharedResources/Textures/Utility/T_Noise_Clouds_01.uasset" 704
"../../../../../FinalLevelDesign/FinalLevelDesign/Content/DreamscapeSeries/SharedResources/Textures/Terrain/T_Waves_Noise.uasset" 705
"../../../../../FinalLevelDesign/FinalLevelDesign/Content/DreamscapeSeries/SharedResources/Textures/Terrain/T_WaveLarge_N.uasset" 706
"../../../../../FinalLevelDesign/FinalLevelDesign/Content/DreamscapeSeries/SharedResources/Textures/Terrain/T_Wave_Small_N.uasset" 707
"../../../../../FinalLevelDesign/FinalLevelDesign/Content/DreamscapeSeries/SharedResources/Textures/Terrain/T_Water_N.uasset" 708
"../../../Engine/Content/Functions/Engine_MaterialFunctions01/Gradient/LinearGradient.uasset" 709
"../../../Engine/Content/Functions/Engine_MaterialFunctions01/ImageAdjustment/CheapContrast.uasset" 710
"../../../../../FinalLevelDesign/FinalLevelDesign/Content/DreamscapeSeries/SharedResources/Materials/Terrain/M_Water_Base.uasset" 711
"../../../../../FinalLevelDesign/FinalLevelDesign/Content/DreamscapeSeries/DreamscapeMeadows/Materials/Water/MI_Water_Lake.uasset" 712
"../../../../../FinalLevelDesign/FinalLevelDesign/Content/AlchemistsHouse/Extra_Assets/M_Spike.uasset" 713
"../../../../../FinalLevelDesign/FinalLevelDesign/Content/AlchemistsHouse/Extra_Assets/Spikes_SpikeTeap_spike_LP_003.uasset" 714
"../../../../../FinalLevelDesign/FinalLevelDesign/Content/AlchemistsHouse/Extra_Assets/Spikes_SpikeTeap_spike_LP_002.uasset" 715
"../../../../../FinalLevelDesign/FinalLevelDesign/Content/AlchemistsHouse/Extra_Assets/SpikeTrap_LP_ST_Floor_Normal.uasset" 716
"../../../../../FinalLevelDesign/FinalLevelDesign/Content/AlchemistsHouse/Extra_Assets/SpikeTrap_LP_ST_Floor_BaseColor.uasset" 717
"../../../../../FinalLevelDesign/FinalLevelDesign/Content/AlchemistsHouse/Extra_Assets/M_Floor.uasset" 718
"../../../../../FinalLevelDesign/FinalLevelDesign/Content/AlchemistsHouse/Extra_Assets/Spikes_SpikeTeap_Floor_LP_001.uasset" 719
"../../../../../FinalLevelDesign/FinalLevelDesign/Content/AlchemistsHouse/Extra_Assets/SpikeTrap_LP_ST_Floor_BaseColor_3.uasset" 720
"../../../../../FinalLevelDesign/FinalLevelDesign/Content/AlchemistsHouse/Extra_Assets/MI_FloorStatic.uasset" 721
"../../../../../FinalLevelDesign/FinalLevelDesign/Content/LevelActors/SpikeStatic_BP.uasset" 722
"../../../../../FinalLevelDesign/FinalLevelDesign/Content/Sounds/Spikes.uasset" 723
"../../../../../FinalLevelDesign/FinalLevelDesign/Content/Sounds/Spikes_Cue.uasset" 724
"../../../../../FinalLevelDesign/FinalLevelDesign/Content/AlchemistsHouse/Extra_Assets/SpikeTrap_LP_ST_Floor_BaseColor_2.uasset" 725
"../../../../../FinalLevelDesign/FinalLevelDesign/Content/AlchemistsHouse/Extra_Assets/MI_Floor_Green.uasset" 726
"../../../../../FinalLevelDesign/FinalLevelDesign/Content/LevelActors/Spikes_BP.uasset" 727
"../../../../../FinalLevelDesign/FinalLevelDesign/Content/Slime1/Slime_Skeleton.uasset" 728
"../../../../../FinalLevelDesign/FinalLevelDesign/Content/Slime1/Slime_JumpAnim.uasset" 729
"../../../../../FinalLevelDesign/FinalLevelDesign/Content/Slime1/Slime_PhysicsAsset.uasset" 730
"../../../../../FinalLevelDesign/FinalLevelDesign/Content/Slime1/Slime_Turret_M_Slime_BaseColor_1001.uasset" 731
"../../../../../FinalLevelDesign/FinalLevelDesign/Content/Slime1/M_Slime.uasset" 732
"../../../../../FinalLevelDesign/FinalLevelDesign/Content/Slime1/M_Outside.uasset" 733
"../../../../../FinalLevelDesign/FinalLevelDesign/Content/Slime1/Slime.uasset" 734
"../../../../../FinalLevelDesign/FinalLevelDesign/Content/Sounds/SlimeShoot.uasset" 735
"../../../../../FinalLevelDesign/FinalLevelDesign/Content/Sounds/SlimeShoot_Cue.uasset" 736
"../../../Engine/Content/BasicShapes/Sphere.uasset" 737
"../../../../../FinalLevelDesign/FinalLevelDesign/Content/Slime1/BulletSlime_BP.uasset" 738
"../../../../../FinalLevelDesign/FinalLevelDesign/Content/Slime1/SlimeRange_BP.uasset" 739
"../../../../../FinalLevelDesign/FinalLevelDesign/Content/LevelActors/RotatingPot_BP.uasset" 740
"../../../../../FinalLevelDesign/FinalLevelDesign/Content/LevelActors/RespawnByFall_BP.uasset" 741
"../../../../../FinalLevelDesign/FinalLevelDesign/Content/LevelActors/LevelChanger.uasset" 742
"../../../../../FinalLevelDesign/FinalLevelDesign/Content/AlchemistsHouse/Extra_Assets/RadiationFloor_A_2x4M_DefaultMaterial_OcclusionRoughnessMetallic_1001.uasset" 743
"../../../../../FinalLevelDesign/FinalLevelDesign/Content/AlchemistsHouse/Extra_Assets/RadiationFloor_A_2x4M_DefaultMaterial_BaseColor_1001.uasset" 744
"../../../../../FinalLevelDesign/FinalLevelDesign/Content/AlchemistsHouse/Extra_Assets/M_SplashSlimeA.uasset" 745
"../../../../../FinalLevelDesign/FinalLevelDesign/Content/LevelActors/PlatformMovement1s_BP.uasset" 746
"../../../../../FinalLevelDesign/FinalLevelDesign/Content/LevelActors/PlatformFallUp_BP.uasset" 747
"../../../../../FinalLevelDesign/FinalLevelDesign/Content/LevelActors/Checkpoint_BP.uasset" 748
"../../../../../FinalLevelDesign/FinalLevelDesign/Content/Maps/Level1_BuiltData.uasset" 749
"../../../../../FinalLevelDesign/FinalLevelDesign/Content/Maps/Level1.umap" 750
"../../../../../FinalLevelDesign/FinalLevelDesign/Content/LevelActors/SetCameraonTop_BP.uasset" 751
"../../../../../FinalLevelDesign/FinalLevelDesign/Content/Sounds/PatrolSlime.uasset" 752
"../../../../../FinalLevelDesign/FinalLevelDesign/Content/PatrolSlime/PatrolSlime_Mesh_Skeleton.uasset" 753
"../../../../../FinalLevelDesign/FinalLevelDesign/Content/PatrolSlime/PatrolSlime_Mesh_PhysicsAsset.uasset" 754
"../../../../../FinalLevelDesign/FinalLevelDesign/Content/PatrolSlime/Materials/Slime_LP_M_Outside_BaseColor_1001.uasset" 755
"../../../../../FinalLevelDesign/FinalLevelDesign/Content/PatrolSlime/Materials/M_Outside.uasset" 756
"../../../../../FinalLevelDesign/FinalLevelDesign/Content/PatrolSlime/Materials/Slime_LP_M_Inside_BaseColor_1001.uasset" 757
"../../../../../FinalLevelDesign/FinalLevelDesign/Content/PatrolSlime/Materials/M_Inside.uasset" 758
"../../../../../FinalLevelDesign/FinalLevelDesign/Content/PatrolSlime/Materials/Slime_LP_M_Eyes_OcclusionRoughnessMetallic_1001.uasset" 759
"../../../../../FinalLevelDesign/FinalLevelDesign/Content/PatrolSlime/Materials/Slime_LP_M_Eyes_BaseColor_1001.uasset" 760
"../../../../../FinalLevelDesign/FinalLevelDesign/Content/PatrolSlime/Materials/M_Eyes.uasset" 761
"../../../../../FinalLevelDesign/FinalLevelDesign/Content/PatrolSlime/Materials/bone_lp_M_Bone_OcclusionRoughnessMetallic_1001.uasset" 762
"../../../../../FinalLevelDesign/FinalLevelDesign/Content/PatrolSlime/Materials/bone_lp_M_Bone_Normal_1001.uasset" 763
"../../../../../FinalLevelDesign/FinalLevelDesign/Content/PatrolSlime/Materials/bone_lp_M_Bone_BaseColor_1001.uasset" 764
"../../../../../FinalLevelDesign/FinalLevelDesign/Content/PatrolSlime/Materials/M_Bone.uasset" 765
"../../../../../FinalLevelDesign/FinalLevelDesign/Content/PatrolSlime/PatrolSlime_Mesh.uasset" 766
"../../../../../FinalLevelDesign/FinalLevelDesign/Content/PatrolSlime/PatrolSlime_Walk.uasset" 767
"../../../../../FinalLevelDesign/FinalLevelDesign/Content/PatrolSlime/PatrolSlime_BP.uasset" 768
"../../../../../FinalLevelDesign/FinalLevelDesign/Content/Sounds/Music/Level2_Music.uasset" 769
"../../../../../FinalLevelDesign/FinalLevelDesign/Content/PhysicalMaterials/Ice_PM.uasset" 770
"../../../../../FinalLevelDesign/FinalLevelDesign/Content/AlchemistsHouse/Extra_Assets/IcePlane_DefaultMaterial_OcclusionRoughnessMetallic_1001.uasset" 771
"../../../../../FinalLevelDesign/FinalLevelDesign/Content/AlchemistsHouse/Extra_Assets/IcePlane_DefaultMaterial_Normal_1001.uasset" 772
"../../../../../FinalLevelDesign/FinalLevelDesign/Content/AlchemistsHouse/Extra_Assets/IcePlane_DefaultMaterial_BaseColor_1001.uasset" 773
"../../../../../FinalLevelDesign/FinalLevelDesign/Content/AlchemistsHouse/Extra_Assets/M_Ice.uasset" 774
"../../../../../FinalLevelDesign/FinalLevelDesign/Content/AlchemistsHouse/Extra_Assets/IcePlane.uasset" 775
"../../../../../FinalLevelDesign/FinalLevelDesign/Content/AlchemistsHouse/Assets/Models/Pillar_3_2.uasset" 776
"../../../../../FinalLevelDesign/FinalLevelDesign/Content/AlchemistsHouse/Assets/Models/Pillar_1_2.uasset" 777
"../../../../../FinalLevelDesign/FinalLevelDesign/Content/AlchemistsHouse/Assets/Textures/Bed_normal.uasset" 778
"../../../../../FinalLevelDesign/FinalLevelDesign/Content/AlchemistsHouse/Assets/Textures/Bed_texture.uasset" 779
"../../../../../FinalLevelDesign/FinalLevelDesign/Content/AlchemistsHouse/Assets/Materials/Bed.uasset" 780
"../../../../../FinalLevelDesign/FinalLevelDesign/Content/AlchemistsHouse/Assets/Models/Bed.uasset" 781
"../../../../../FinalLevelDesign/FinalLevelDesign/Content/Maps/Level2_BuiltData.uasset" 782
"../../../Engine/Content/BasicShapes/BasicShapeMaterial.uasset" 783
"../../../../../FinalLevelDesign/FinalLevelDesign/Content/LevelActors/SpikesWalls.uasset" 784
"../../../../../FinalLevelDesign/FinalLevelDesign/Content/Maps/Level2.umap" 785
"../../../Engine/Content/Maps/Entry_BuiltData.uasset" 786
"../../../Engine/Content/Maps/Entry.umap" 787
